#
# There is insufficient memory for the Java Runtime Environment to continue.
# Native memory allocation (malloc) failed to allocate 586000 bytes for Chunk::new
# Possible reasons:
#   The system is out of physical RAM or swap space
#   The process is running with CompressedOops enabled, and the Java Heap may be blocking the growth of the native heap
# Possible solutions:
#   Reduce memory load on the system
#   Increase physical memory or swap space
#   Check if swap backing store is full
#   Decrease Java heap size (-Xmx/-Xms)
#   Decrease number of Java threads
#   Decrease Java thread stack sizes (-Xss)
#   Set larger code cache with -XX:ReservedCodeCacheSize=
#   JVM is running with Unscaled Compressed Oops mode in which the Java heap is
#     placed in the first 4GB address space. The Java Heap base address is the
#     maximum limit for the native heap growth. Please use -XX:HeapBaseMinAddress
#     to set the Java Heap base and to place the Java Heap above 4GB virtual address.
# This output file may be truncated or incomplete.
#
#  Out of Memory Error (arena.cpp:197), pid=6580, tid=12840
#
# JRE version: OpenJDK Runtime Environment Temurin-11.0.19+7 (11.0.19+7) (build 11.0.19+7)
# Java VM: OpenJDK 64-Bit Server VM Temurin-11.0.19+7 (11.0.19+7, mixed mode, tiered, compressed oops, g1 gc, windows-amd64)
# No core dump will be written. Minidumps are not enabled by default on client versions of Windows
#

---------------  S U M M A R Y ------------

Command Line: -Dallure.results.directory=C:\Users\Ruslan\Desktop\Automation\QA-diploma\build\allure-results -Ddb.password=pass -Ddb.url=jdbc:mysql://localhost:3306/app -Ddb.user=app -Djunit.jupiter.extensions.autodetection.enabled=true -Dorg.gradle.internal.worker.tmpdir=C:\Users\Ruslan\Desktop\Automation\QA-diploma\build\tmp\test\work -Dorg.gradle.native=false -Dselenide.headless -Dsut.url=http://localhost:8080 -javaagent:C:\Users\Ruslan\.gradle\caches\modules-2\files-2.1\org.aspectj\aspectjweaver\1.9.9.1\dcd2703279a94ad909fa3f3d08671cb0f2dabf7\aspectjweaver-1.9.9.1.jar -Xmx512m -Dfile.encoding=windows-1251 -Duser.country=RU -Duser.language=ru -Duser.variant -ea worker.org.gradle.process.internal.worker.GradleWorkerMain 'Gradle Test Executor 2'

Host: Intel(R) Core(TM) i3-2330M CPU @ 2.20GHz, 4 cores, 7G,  Windows 10 , 64 bit Build 19041 (10.0.19041.3393)
Time: Fri Sep 29 12:54:08 2023 RTZ 2 (s 10 , 64 bit Build 19041 (10.0.19041.3393) elapsed time: 61.568398 seconds (0d 0h 1m 1s)

---------------  T H R E A D  ---------------

Current thread (0x00000276d224f800):  JavaThread "C2 CompilerThread0" daemon [_thread_in_native, id=12840, stack(0x0000009399000000,0x0000009399100000)]


Current CompileTask:
C2:  61569 7416   !   4       io.netty.channel.AbstractChannelHandlerContext::write (146 bytes)

Stack: [0x0000009399000000,0x0000009399100000]
Native frames: (J=compiled Java code, j=interpreted, Vv=VM code, C=native code)
V  [jvm.dll+0x64fb5a]
V  [jvm.dll+0x7e3549]
V  [jvm.dll+0x7e4c49]
V  [jvm.dll+0x7e5333]
V  [jvm.dll+0x26afd5]
V  [jvm.dll+0xc1a5c]
V  [jvm.dll+0xc200c]
V  [jvm.dll+0x222447]
V  [jvm.dll+0x5e0a25]
V  [jvm.dll+0x5df8d7]
V  [jvm.dll+0x222bef]
V  [jvm.dll+0x221d88]
V  [jvm.dll+0x19e6c1]
V  [jvm.dll+0x231f59]
V  [jvm.dll+0x2300af]
V  [jvm.dll+0x7a48d0]
V  [jvm.dll+0x79d6e4]
V  [jvm.dll+0x64e915]
C  [ucrtbase.dll+0x21bb2]
C  [KERNEL32.DLL+0x17344]
C  [ntdll.dll+0x526b1]


---------------  P R O C E S S  ---------------

Threads class SMR info:
_java_thread_list=0x00000276d52d0b00, length=26, elements={
0x00000276b72db000, 0x00000276d223b800, 0x00000276d223d800, 0x00000276d2246800,
0x00000276d2248000, 0x00000276d224e000, 0x00000276d224f800, 0x00000276d2254800,
0x00000276d2256800, 0x00000276b7392000, 0x00000276d39ef800, 0x00000276d2e68000,
0x00000276d4507000, 0x00000276d73a7800, 0x00000276d4047800, 0x00000276d4045000,
0x00000276d42b1000, 0x00000276d3c4e800, 0x00000276d5b63800, 0x00000276d42b1800,
0x00000276d4189000, 0x00000276d418d000, 0x00000276d418e000, 0x00000276d418b800,
0x00000276d418e800, 0x00000276d418f800
}

Java Threads: ( => current thread )
  0x00000276b72db000 JavaThread "Forwarding sendKeysToElement on session 0299d9684cdb06c1d0cd37b1779ad746 to remote" [_thread_blocked, id=5536, stack(0x0000009398400000,0x0000009398500000)]
  0x00000276d223b800 JavaThread "Reference Handler" daemon [_thread_blocked, id=12896, stack(0x0000009398b00000,0x0000009398c00000)]
  0x00000276d223d800 JavaThread "Finalizer" daemon [_thread_blocked, id=12892, stack(0x0000009398c00000,0x0000009398d00000)]
  0x00000276d2246800 JavaThread "Signal Dispatcher" daemon [_thread_blocked, id=12904, stack(0x0000009398d00000,0x0000009398e00000)]
  0x00000276d2248000 JavaThread "Attach Listener" daemon [_thread_blocked, id=13000, stack(0x0000009398e00000,0x0000009398f00000)]
  0x00000276d224e000 JavaThread "Service Thread" daemon [_thread_blocked, id=12852, stack(0x0000009398f00000,0x0000009399000000)]
=>0x00000276d224f800 JavaThread "C2 CompilerThread0" daemon [_thread_in_native, id=12840, stack(0x0000009399000000,0x0000009399100000)]
  0x00000276d2254800 JavaThread "C1 CompilerThread0" daemon [_thread_blocked, id=12836, stack(0x0000009399100000,0x0000009399200000)]
  0x00000276d2256800 JavaThread "Sweeper thread" daemon [_thread_blocked, id=12336, stack(0x0000009399200000,0x0000009399300000)]
  0x00000276b7392000 JavaThread "Common-Cleaner" daemon [_thread_blocked, id=10500, stack(0x0000009399300000,0x0000009399400000)]
  0x00000276d39ef800 JavaThread "/127.0.0.1:60046 to /127.0.0.1:60045 workers" [_thread_blocked, id=12784, stack(0x0000009399900000,0x0000009399a00000)]
  0x00000276d2e68000 JavaThread "/127.0.0.1:60046 to /127.0.0.1:60045 workers Thread 2" [_thread_blocked, id=11364, stack(0x0000009399700000,0x0000009399800000)]
  0x00000276d4507000 JavaThread "/127.0.0.1:60046 to /127.0.0.1:60045 workers Thread 3" [_thread_in_native, id=13076, stack(0x0000009399a00000,0x0000009399b00000)]
  0x00000276d73a7800 JavaThread "ForkJoinPool.commonPool-worker-3" daemon [_thread_blocked, id=12968, stack(0x0000009399d00000,0x0000009399e00000)]
  0x00000276d4047800 JavaThread "AsyncHttpClient-1-1" daemon [_thread_blocked, id=7792, stack(0x0000009399e00000,0x0000009399f00000)]
  0x00000276d4045000 JavaThread "Exec Default Executor" daemon [_thread_in_native, id=13096, stack(0x0000009399f00000,0x000000939a000000)]
  0x00000276d42b1000 JavaThread "Exec Stream Pumper" daemon [_thread_in_native, id=4404, stack(0x000000939a000000,0x000000939a100000)]
  0x00000276d3c4e800 JavaThread "Exec Stream Pumper" daemon [_thread_in_native, id=13136, stack(0x000000939a100000,0x000000939a200000)]
  0x00000276d5b63800 JavaThread "Driver Service Executor" daemon [_thread_blocked, id=10480, stack(0x000000939a200000,0x000000939a300000)]
  0x00000276d42b1800 JavaThread "Driver Service Executor" daemon [_thread_blocked, id=10888, stack(0x000000939a300000,0x000000939a400000)]
  0x00000276d4189000 JavaThread "UrlChecker-2" daemon [_thread_blocked, id=4084, stack(0x000000939a400000,0x000000939a500000)]
  0x00000276d418d000 JavaThread "AsyncHttpClient-1-2" daemon [_thread_in_native, id=11940, stack(0x000000939a600000,0x000000939a700000)]
  0x00000276d418e000 JavaThread "AsyncHttpClient-1-3" daemon [_thread_in_native, id=5144, stack(0x000000939a500000,0x000000939a600000)]
  0x00000276d418b800 JavaThread "AsyncHttpClient-1-4" daemon [_thread_in_native, id=10128, stack(0x000000939a700000,0x000000939a800000)]
  0x00000276d418e800 JavaThread "Dead threads watchdog" daemon [_thread_blocked, id=9888, stack(0x000000939a800000,0x000000939a900000)]
  0x00000276d418f800 JavaThread "mysql-cj-abandoned-connection-cleanup" daemon [_thread_blocked, id=2236, stack(0x0000009399b00000,0x0000009399c00000)]

Other Threads:
  0x00000276d2227000 VMThread "VM Thread" [stack: 0x0000009398a00000,0x0000009398b00000] [id=12888]
  0x00000276d3486800 WatcherThread [stack: 0x0000009399400000,0x0000009399500000] [id=12804]
  0x00000276b72f6000 GCTaskThread "GC Thread#0" [stack: 0x0000009398500000,0x0000009398600000] [id=12884]
  0x00000276d3483000 GCTaskThread "GC Thread#1" [stack: 0x0000009399500000,0x0000009399600000] [id=12824]
  0x00000276d34d9000 GCTaskThread "GC Thread#2" [stack: 0x0000009399600000,0x0000009399700000] [id=12816]
  0x00000276d4545000 GCTaskThread "GC Thread#3" [stack: 0x0000009399c00000,0x0000009399d00000] [id=12436]
  0x00000276b7306800 ConcurrentGCThread "G1 Main Marker" [stack: 0x0000009398600000,0x0000009398700000] [id=2428]
  0x00000276b7308800 ConcurrentGCThread "G1 Conc#0" [stack: 0x0000009398700000,0x0000009398800000] [id=1320]
  0x00000276b738b800 ConcurrentGCThread "G1 Refine#0" [stack: 0x0000009398800000,0x0000009398900000] [id=12828]
  0x00000276b738c800 ConcurrentGCThread "G1 Young RemSet Sampling" [stack: 0x0000009398900000,0x0000009398a00000] [id=12832]

Threads with active compile tasks:
C2 CompilerThread0    61704 7416   !   4       io.netty.channel.AbstractChannelHandlerContext::write (146 bytes)

VM state:not at safepoint (normal execution)

VM Mutex/Monitor currently owned by a thread: None

Heap address: 0x00000000e0000000, size: 512 MB, Compressed Oops mode: 32-bit
Narrow klass base: 0x0000000000000000, Narrow klass shift: 3
Compressed class space size: 1073741824 Address: 0x0000000100000000

Heap:
 garbage-first heap   total 131072K, used 95829K [0x00000000e0000000, 0x0000000100000000)
  region size 1024K, 29 young (29696K), 1 survivors (1024K)
 Metaspace       used 52426K, capacity 54008K, committed 54320K, reserved 1097728K
  class space    used 5801K, capacity 6402K, committed 6528K, reserved 1048576K
Heap Regions: E=young(eden), S=young(survivor), O=old, HS=humongous(starts), HC=humongous(continues), CS=collection set, F=free, A=archive, TAMS=top-at-mark-start (previous, next)
|   0|0x00000000e0000000, 0x00000000e0100000, 0x00000000e0100000|100%| O|  |TAMS 0x00000000e0100000, 0x00000000e0000000| Untracked 
|   1|0x00000000e0100000, 0x00000000e0200000, 0x00000000e0200000|100%| O|  |TAMS 0x00000000e0200000, 0x00000000e0100000| Untracked 
|   2|0x00000000e0200000, 0x00000000e0300000, 0x00000000e0300000|100%| O|  |TAMS 0x00000000e0300000, 0x00000000e0200000| Untracked 
|   3|0x00000000e0300000, 0x00000000e0400000, 0x00000000e0400000|100%| O|  |TAMS 0x00000000e0400000, 0x00000000e0300000| Untracked 
|   4|0x00000000e0400000, 0x00000000e0500000, 0x00000000e0500000|100%| O|  |TAMS 0x00000000e0500000, 0x00000000e0400000| Untracked 
|   5|0x00000000e0500000, 0x00000000e0600000, 0x00000000e0600000|100%| O|  |TAMS 0x00000000e0600000, 0x00000000e0500000| Untracked 
|   6|0x00000000e0600000, 0x00000000e0700000, 0x00000000e0700000|100%| O|  |TAMS 0x00000000e0700000, 0x00000000e0600000| Untracked 
|   7|0x00000000e0700000, 0x00000000e0800000, 0x00000000e0800000|100%| O|  |TAMS 0x00000000e0800000, 0x00000000e0700000| Untracked 
|   8|0x00000000e0800000, 0x00000000e0900000, 0x00000000e0900000|100%| O|  |TAMS 0x00000000e0900000, 0x00000000e0800000| Untracked 
|   9|0x00000000e0900000, 0x00000000e0a00000, 0x00000000e0a00000|100%| O|  |TAMS 0x00000000e0a00000, 0x00000000e0900000| Untracked 
|  10|0x00000000e0a00000, 0x00000000e0b00000, 0x00000000e0b00000|100%| O|  |TAMS 0x00000000e0b00000, 0x00000000e0a00000| Untracked 
|  11|0x00000000e0b00000, 0x00000000e0c00000, 0x00000000e0c00000|100%| O|  |TAMS 0x00000000e0c00000, 0x00000000e0b00000| Untracked 
|  12|0x00000000e0c00000, 0x00000000e0d00000, 0x00000000e0d00000|100%| O|  |TAMS 0x00000000e0d00000, 0x00000000e0c00000| Untracked 
|  13|0x00000000e0d00000, 0x00000000e0e00000, 0x00000000e0e00000|100%| O|  |TAMS 0x00000000e0e00000, 0x00000000e0d00000| Untracked 
|  14|0x00000000e0e00000, 0x00000000e0f00000, 0x00000000e0f00000|100%| O|  |TAMS 0x00000000e0f00000, 0x00000000e0e00000| Untracked 
|  15|0x00000000e0f00000, 0x00000000e1000000, 0x00000000e1000000|100%| O|  |TAMS 0x00000000e1000000, 0x00000000e0f00000| Untracked 
|  16|0x00000000e1000000, 0x00000000e1100000, 0x00000000e1100000|100%| O|  |TAMS 0x00000000e1100000, 0x00000000e1000000| Untracked 
|  17|0x00000000e1100000, 0x00000000e1200000, 0x00000000e1200000|100%| O|  |TAMS 0x00000000e1200000, 0x00000000e1100000| Untracked 
|  18|0x00000000e1200000, 0x00000000e1300000, 0x00000000e1300000|100%| O|  |TAMS 0x00000000e1300000, 0x00000000e1200000| Untracked 
|  19|0x00000000e1300000, 0x00000000e1400000, 0x00000000e1400000|100%| O|  |TAMS 0x00000000e1400000, 0x00000000e1300000| Untracked 
|  20|0x00000000e1400000, 0x00000000e1500000, 0x00000000e1500000|100%| O|  |TAMS 0x00000000e1500000, 0x00000000e1400000| Untracked 
|  21|0x00000000e1500000, 0x00000000e1600000, 0x00000000e1600000|100%| O|  |TAMS 0x00000000e1600000, 0x00000000e1500000| Untracked 
|  22|0x00000000e1600000, 0x00000000e1700000, 0x00000000e1700000|100%| O|  |TAMS 0x00000000e1700000, 0x00000000e1600000| Untracked 
|  23|0x00000000e1700000, 0x00000000e1800000, 0x00000000e1800000|100%| O|  |TAMS 0x00000000e1800000, 0x00000000e1700000| Untracked 
|  24|0x00000000e1800000, 0x00000000e1900000, 0x00000000e1900000|100%| O|  |TAMS 0x00000000e1900000, 0x00000000e1800000| Untracked 
|  25|0x00000000e1900000, 0x00000000e1a00000, 0x00000000e1a00000|100%| O|  |TAMS 0x00000000e1a00000, 0x00000000e1900000| Untracked 
|  26|0x00000000e1a00000, 0x00000000e1b00000, 0x00000000e1b00000|100%| O|  |TAMS 0x00000000e1b00000, 0x00000000e1a00000| Untracked 
|  27|0x00000000e1b00000, 0x00000000e1c00000, 0x00000000e1c00000|100%| O|  |TAMS 0x00000000e1c00000, 0x00000000e1b00000| Untracked 
|  28|0x00000000e1c00000, 0x00000000e1d00000, 0x00000000e1d00000|100%| O|  |TAMS 0x00000000e1d00000, 0x00000000e1c00000| Untracked 
|  29|0x00000000e1d00000, 0x00000000e1e00000, 0x00000000e1e00000|100%| O|  |TAMS 0x00000000e1e00000, 0x00000000e1d00000| Untracked 
|  30|0x00000000e1e00000, 0x00000000e1f00000, 0x00000000e1f00000|100%| O|  |TAMS 0x00000000e1f00000, 0x00000000e1e00000| Untracked 
|  31|0x00000000e1f00000, 0x00000000e2000000, 0x00000000e2000000|100%| O|  |TAMS 0x00000000e2000000, 0x00000000e1f00000| Untracked 
|  32|0x00000000e2000000, 0x00000000e2100000, 0x00000000e2100000|100%| O|  |TAMS 0x00000000e2100000, 0x00000000e2000000| Untracked 
|  33|0x00000000e2100000, 0x00000000e2200000, 0x00000000e2200000|100%| O|  |TAMS 0x00000000e2200000, 0x00000000e2100000| Untracked 
|  34|0x00000000e2200000, 0x00000000e2300000, 0x00000000e2300000|100%| O|  |TAMS 0x00000000e2300000, 0x00000000e2200000| Untracked 
|  35|0x00000000e2300000, 0x00000000e2400000, 0x00000000e2400000|100%| O|  |TAMS 0x00000000e2400000, 0x00000000e2300000| Untracked 
|  36|0x00000000e2400000, 0x00000000e2500000, 0x00000000e2500000|100%| O|  |TAMS 0x00000000e2500000, 0x00000000e2400000| Untracked 
|  37|0x00000000e2500000, 0x00000000e2600000, 0x00000000e2600000|100%| O|  |TAMS 0x00000000e2600000, 0x00000000e2500000| Untracked 
|  38|0x00000000e2600000, 0x00000000e2700000, 0x00000000e2700000|100%| O|  |TAMS 0x00000000e2700000, 0x00000000e2600000| Untracked 
|  39|0x00000000e2700000, 0x00000000e2800000, 0x00000000e2800000|100%| O|  |TAMS 0x00000000e2800000, 0x00000000e2700000| Untracked 
|  40|0x00000000e2800000, 0x00000000e2900000, 0x00000000e2900000|100%| O|  |TAMS 0x00000000e2900000, 0x00000000e2800000| Untracked 
|  41|0x00000000e2900000, 0x00000000e2a00000, 0x00000000e2a00000|100%| O|  |TAMS 0x00000000e2a00000, 0x00000000e2900000| Untracked 
|  42|0x00000000e2a00000, 0x00000000e2b00000, 0x00000000e2b00000|100%| O|  |TAMS 0x00000000e2b00000, 0x00000000e2a00000| Untracked 
|  43|0x00000000e2b00000, 0x00000000e2c00000, 0x00000000e2c00000|100%| O|  |TAMS 0x00000000e2c00000, 0x00000000e2b00000| Untracked 
|  44|0x00000000e2c00000, 0x00000000e2d00000, 0x00000000e2d00000|100%|HS|  |TAMS 0x00000000e2d00000, 0x00000000e2c00000| Complete 
|  45|0x00000000e2d00000, 0x00000000e2e00000, 0x00000000e2e00000|100%|HC|  |TAMS 0x00000000e2e00000, 0x00000000e2d00000| Complete 
|  46|0x00000000e2e00000, 0x00000000e2f00000, 0x00000000e2f00000|100%|HC|  |TAMS 0x00000000e2f00000, 0x00000000e2e00000| Complete 
|  47|0x00000000e2f00000, 0x00000000e3000000, 0x00000000e3000000|100%|HC|  |TAMS 0x00000000e3000000, 0x00000000e2f00000| Complete 
|  48|0x00000000e3000000, 0x00000000e3100000, 0x00000000e3100000|100%|HC|  |TAMS 0x00000000e3100000, 0x00000000e3000000| Complete 
|  49|0x00000000e3100000, 0x00000000e3200000, 0x00000000e3200000|100%| O|  |TAMS 0x00000000e3200000, 0x00000000e3100000| Untracked 
|  50|0x00000000e3200000, 0x00000000e3300000, 0x00000000e3300000|100%| O|  |TAMS 0x00000000e3300000, 0x00000000e3200000| Untracked 
|  51|0x00000000e3300000, 0x00000000e3400000, 0x00000000e3400000|100%| O|  |TAMS 0x00000000e3400000, 0x00000000e3300000| Untracked 
|  52|0x00000000e3400000, 0x00000000e3500000, 0x00000000e3500000|100%| O|  |TAMS 0x00000000e3500000, 0x00000000e3400000| Untracked 
|  53|0x00000000e3500000, 0x00000000e3600000, 0x00000000e3600000|100%| O|  |TAMS 0x00000000e3600000, 0x00000000e3500000| Untracked 
|  54|0x00000000e3600000, 0x00000000e3700000, 0x00000000e3700000|100%| O|  |TAMS 0x00000000e3700000, 0x00000000e3600000| Untracked 
|  55|0x00000000e3700000, 0x00000000e3800000, 0x00000000e3800000|100%| O|  |TAMS 0x00000000e3800000, 0x00000000e3700000| Untracked 
|  56|0x00000000e3800000, 0x00000000e3900000, 0x00000000e3900000|100%| O|  |TAMS 0x00000000e3900000, 0x00000000e3800000| Untracked 
|  57|0x00000000e3900000, 0x00000000e3a00000, 0x00000000e3a00000|100%| O|  |TAMS 0x00000000e3a00000, 0x00000000e3900000| Untracked 
|  58|0x00000000e3a00000, 0x00000000e3b00000, 0x00000000e3b00000|100%| O|  |TAMS 0x00000000e3b00000, 0x00000000e3a00000| Untracked 
|  59|0x00000000e3b00000, 0x00000000e3c00000, 0x00000000e3c00000|100%| O|  |TAMS 0x00000000e3c00000, 0x00000000e3b00000| Untracked 
|  60|0x00000000e3c00000, 0x00000000e3d00000, 0x00000000e3d00000|100%| O|  |TAMS 0x00000000e3d00000, 0x00000000e3c00000| Untracked 
|  61|0x00000000e3d00000, 0x00000000e3e00000, 0x00000000e3e00000|100%| O|  |TAMS 0x00000000e3e00000, 0x00000000e3d00000| Untracked 
|  62|0x00000000e3e00000, 0x00000000e3f00000, 0x00000000e3f00000|100%| O|  |TAMS 0x00000000e3f00000, 0x00000000e3e00000| Untracked 
|  63|0x00000000e3f00000, 0x00000000e4000000, 0x00000000e4000000|100%| O|  |TAMS 0x00000000e4000000, 0x00000000e3f00000| Untracked 
|  64|0x00000000e4000000, 0x00000000e4100000, 0x00000000e4100000|100%| O|  |TAMS 0x00000000e4100000, 0x00000000e4000000| Untracked 
|  65|0x00000000e4100000, 0x00000000e4200000, 0x00000000e4200000|100%| O|  |TAMS 0x00000000e4200000, 0x00000000e4100000| Untracked 
|  66|0x00000000e4200000, 0x00000000e42e3600, 0x00000000e4300000| 88%| O|  |TAMS 0x00000000e42e3600, 0x00000000e4200000| Untracked 
|  67|0x00000000e4300000, 0x00000000e4300000, 0x00000000e4400000|  0%| F|  |TAMS 0x00000000e4300000, 0x00000000e4300000| Untracked 
|  68|0x00000000e4400000, 0x00000000e4400000, 0x00000000e4500000|  0%| F|  |TAMS 0x00000000e4400000, 0x00000000e4400000| Untracked 
|  69|0x00000000e4500000, 0x00000000e4500000, 0x00000000e4600000|  0%| F|  |TAMS 0x00000000e4500000, 0x00000000e4500000| Untracked 
|  70|0x00000000e4600000, 0x00000000e4600000, 0x00000000e4700000|  0%| F|  |TAMS 0x00000000e4600000, 0x00000000e4600000| Untracked 
|  71|0x00000000e4700000, 0x00000000e4700000, 0x00000000e4800000|  0%| F|  |TAMS 0x00000000e4700000, 0x00000000e4700000| Untracked 
|  72|0x00000000e4800000, 0x00000000e4800000, 0x00000000e4900000|  0%| F|  |TAMS 0x00000000e4800000, 0x00000000e4800000| Untracked 
|  73|0x00000000e4900000, 0x00000000e4900000, 0x00000000e4a00000|  0%| F|  |TAMS 0x00000000e4900000, 0x00000000e4900000| Untracked 
|  74|0x00000000e4a00000, 0x00000000e4a00000, 0x00000000e4b00000|  0%| F|  |TAMS 0x00000000e4a00000, 0x00000000e4a00000| Untracked 
|  75|0x00000000e4b00000, 0x00000000e4b00000, 0x00000000e4c00000|  0%| F|  |TAMS 0x00000000e4b00000, 0x00000000e4b00000| Untracked 
|  76|0x00000000e4c00000, 0x00000000e4c00000, 0x00000000e4d00000|  0%| F|  |TAMS 0x00000000e4c00000, 0x00000000e4c00000| Untracked 
|  77|0x00000000e4d00000, 0x00000000e4d00000, 0x00000000e4e00000|  0%| F|  |TAMS 0x00000000e4d00000, 0x00000000e4d00000| Untracked 
|  78|0x00000000e4e00000, 0x00000000e4e00000, 0x00000000e4f00000|  0%| F|  |TAMS 0x00000000e4e00000, 0x00000000e4e00000| Untracked 
|  79|0x00000000e4f00000, 0x00000000e4f00000, 0x00000000e5000000|  0%| F|  |TAMS 0x00000000e4f00000, 0x00000000e4f00000| Untracked 
|  80|0x00000000e5000000, 0x00000000e5000000, 0x00000000e5100000|  0%| F|  |TAMS 0x00000000e5000000, 0x00000000e5000000| Untracked 
|  81|0x00000000e5100000, 0x00000000e5100000, 0x00000000e5200000|  0%| F|  |TAMS 0x00000000e5100000, 0x00000000e5100000| Untracked 
|  82|0x00000000e5200000, 0x00000000e5200000, 0x00000000e5300000|  0%| F|  |TAMS 0x00000000e5200000, 0x00000000e5200000| Untracked 
|  83|0x00000000e5300000, 0x00000000e5300000, 0x00000000e5400000|  0%| F|  |TAMS 0x00000000e5300000, 0x00000000e5300000| Untracked 
|  84|0x00000000e5400000, 0x00000000e5400000, 0x00000000e5500000|  0%| F|  |TAMS 0x00000000e5400000, 0x00000000e5400000| Untracked 
|  85|0x00000000e5500000, 0x00000000e5500000, 0x00000000e5600000|  0%| F|  |TAMS 0x00000000e5500000, 0x00000000e5500000| Untracked 
|  86|0x00000000e5600000, 0x00000000e5600000, 0x00000000e5700000|  0%| F|  |TAMS 0x00000000e5600000, 0x00000000e5600000| Untracked 
|  87|0x00000000e5700000, 0x00000000e57b1fa0, 0x00000000e5800000| 69%| S|CS|TAMS 0x00000000e5700000, 0x00000000e5700000| Complete 
|  88|0x00000000e5800000, 0x00000000e5800000, 0x00000000e5900000|  0%| F|  |TAMS 0x00000000e5800000, 0x00000000e5800000| Untracked 
|  89|0x00000000e5900000, 0x00000000e5900000, 0x00000000e5a00000|  0%| F|  |TAMS 0x00000000e5900000, 0x00000000e5900000| Untracked 
|  90|0x00000000e5a00000, 0x00000000e5a00000, 0x00000000e5b00000|  0%| F|  |TAMS 0x00000000e5a00000, 0x00000000e5a00000| Untracked 
|  91|0x00000000e5b00000, 0x00000000e5b00000, 0x00000000e5c00000|  0%| F|  |TAMS 0x00000000e5b00000, 0x00000000e5b00000| Untracked 
|  92|0x00000000e5c00000, 0x00000000e5c00000, 0x00000000e5d00000|  0%| F|  |TAMS 0x00000000e5c00000, 0x00000000e5c00000| Untracked 
|  93|0x00000000e5d00000, 0x00000000e5d00000, 0x00000000e5e00000|  0%| F|  |TAMS 0x00000000e5d00000, 0x00000000e5d00000| Untracked 
|  94|0x00000000e5e00000, 0x00000000e5e00000, 0x00000000e5f00000|  0%| F|  |TAMS 0x00000000e5e00000, 0x00000000e5e00000| Untracked 
|  95|0x00000000e5f00000, 0x00000000e5f00000, 0x00000000e6000000|  0%| F|  |TAMS 0x00000000e5f00000, 0x00000000e5f00000| Untracked 
|  96|0x00000000e6000000, 0x00000000e6000000, 0x00000000e6100000|  0%| F|  |TAMS 0x00000000e6000000, 0x00000000e6000000| Untracked 
|  97|0x00000000e6100000, 0x00000000e6100000, 0x00000000e6200000|  0%| F|  |TAMS 0x00000000e6100000, 0x00000000e6100000| Untracked 
|  98|0x00000000e6200000, 0x00000000e6200000, 0x00000000e6300000|  0%| F|  |TAMS 0x00000000e6200000, 0x00000000e6200000| Untracked 
|  99|0x00000000e6300000, 0x00000000e6300000, 0x00000000e6400000|  0%| F|  |TAMS 0x00000000e6300000, 0x00000000e6300000| Untracked 
| 100|0x00000000e6400000, 0x00000000e6497128, 0x00000000e6500000| 59%| E|  |TAMS 0x00000000e6400000, 0x00000000e6400000| Complete 
| 101|0x00000000e6500000, 0x00000000e6600000, 0x00000000e6600000|100%| E|CS|TAMS 0x00000000e6500000, 0x00000000e6500000| Complete 
| 102|0x00000000e6600000, 0x00000000e6700000, 0x00000000e6700000|100%| E|CS|TAMS 0x00000000e6600000, 0x00000000e6600000| Complete 
| 103|0x00000000e6700000, 0x00000000e6800000, 0x00000000e6800000|100%| E|CS|TAMS 0x00000000e6700000, 0x00000000e6700000| Complete 
| 104|0x00000000e6800000, 0x00000000e6900000, 0x00000000e6900000|100%| E|CS|TAMS 0x00000000e6800000, 0x00000000e6800000| Complete 
| 105|0x00000000e6900000, 0x00000000e6a00000, 0x00000000e6a00000|100%| E|CS|TAMS 0x00000000e6900000, 0x00000000e6900000| Complete 
| 106|0x00000000e6a00000, 0x00000000e6b00000, 0x00000000e6b00000|100%| E|CS|TAMS 0x00000000e6a00000, 0x00000000e6a00000| Complete 
| 107|0x00000000e6b00000, 0x00000000e6c00000, 0x00000000e6c00000|100%| E|  |TAMS 0x00000000e6b00000, 0x00000000e6b00000| Complete 
| 108|0x00000000e6c00000, 0x00000000e6d00000, 0x00000000e6d00000|100%| E|CS|TAMS 0x00000000e6c00000, 0x00000000e6c00000| Complete 
| 109|0x00000000e6d00000, 0x00000000e6e00000, 0x00000000e6e00000|100%| E|CS|TAMS 0x00000000e6d00000, 0x00000000e6d00000| Complete 
| 110|0x00000000e6e00000, 0x00000000e6f00000, 0x00000000e6f00000|100%| E|CS|TAMS 0x00000000e6e00000, 0x00000000e6e00000| Complete 
| 111|0x00000000e6f00000, 0x00000000e7000000, 0x00000000e7000000|100%| E|CS|TAMS 0x00000000e6f00000, 0x00000000e6f00000| Complete 
| 112|0x00000000e7000000, 0x00000000e7100000, 0x00000000e7100000|100%| E|CS|TAMS 0x00000000e7000000, 0x00000000e7000000| Complete 
| 113|0x00000000e7100000, 0x00000000e7200000, 0x00000000e7200000|100%| E|CS|TAMS 0x00000000e7100000, 0x00000000e7100000| Complete 
| 114|0x00000000e7200000, 0x00000000e7300000, 0x00000000e7300000|100%| E|CS|TAMS 0x00000000e7200000, 0x00000000e7200000| Complete 
| 115|0x00000000e7300000, 0x00000000e7400000, 0x00000000e7400000|100%| E|CS|TAMS 0x00000000e7300000, 0x00000000e7300000| Complete 
| 116|0x00000000e7400000, 0x00000000e7500000, 0x00000000e7500000|100%| E|CS|TAMS 0x00000000e7400000, 0x00000000e7400000| Complete 
| 117|0x00000000e7500000, 0x00000000e7600000, 0x00000000e7600000|100%| E|CS|TAMS 0x00000000e7500000, 0x00000000e7500000| Complete 
| 118|0x00000000e7600000, 0x00000000e7700000, 0x00000000e7700000|100%| E|CS|TAMS 0x00000000e7600000, 0x00000000e7600000| Complete 
| 119|0x00000000e7700000, 0x00000000e7800000, 0x00000000e7800000|100%| E|CS|TAMS 0x00000000e7700000, 0x00000000e7700000| Complete 
| 120|0x00000000e7800000, 0x00000000e7900000, 0x00000000e7900000|100%| E|CS|TAMS 0x00000000e7800000, 0x00000000e7800000| Complete 
| 121|0x00000000e7900000, 0x00000000e7a00000, 0x00000000e7a00000|100%| E|CS|TAMS 0x00000000e7900000, 0x00000000e7900000| Complete 
| 122|0x00000000e7a00000, 0x00000000e7b00000, 0x00000000e7b00000|100%| E|CS|TAMS 0x00000000e7a00000, 0x00000000e7a00000| Complete 
| 123|0x00000000e7b00000, 0x00000000e7c00000, 0x00000000e7c00000|100%| E|CS|TAMS 0x00000000e7b00000, 0x00000000e7b00000| Complete 
| 124|0x00000000e7c00000, 0x00000000e7d00000, 0x00000000e7d00000|100%| E|CS|TAMS 0x00000000e7c00000, 0x00000000e7c00000| Complete 
| 125|0x00000000e7d00000, 0x00000000e7e00000, 0x00000000e7e00000|100%| E|CS|TAMS 0x00000000e7d00000, 0x00000000e7d00000| Complete 
| 126|0x00000000e7e00000, 0x00000000e7f00000, 0x00000000e7f00000|100%| E|CS|TAMS 0x00000000e7e00000, 0x00000000e7e00000| Complete 
| 127|0x00000000e7f00000, 0x00000000e8000000, 0x00000000e8000000|100%| E|CS|TAMS 0x00000000e7f00000, 0x00000000e7f00000| Complete 

Card table byte_map: [0x00000276cea40000,0x00000276ceb40000] _byte_map_base: 0x00000276ce340000

Marking Bits (Prev, Next): (CMBitMap*) 0x00000276b7303738, (CMBitMap*) 0x00000276b7303770
 Prev Bits: [0x00000276cec40000, 0x00000276cf440000)
 Next Bits: [0x00000276cf440000, 0x00000276cfc40000)

Polling page: 0x00000276b6aa0000

Metaspace:

Usage:
  Non-class:     46.49 MB capacity,    45.53 MB ( 98%) used,   797.91 KB (  2%) free+waste,   183.50 KB ( <1%) overhead. 
      Class:      6.25 MB capacity,     5.67 MB ( 91%) used,   513.74 KB (  8%) free+waste,    86.44 KB (  1%) overhead. 
       Both:     52.74 MB capacity,    51.20 MB ( 97%) used,     1.28 MB (  2%) free+waste,   269.94 KB ( <1%) overhead. 

Virtual space:
  Non-class space:       48.00 MB reserved,      46.67 MB ( 97%) committed 
      Class space:        1.00 GB reserved,       6.38 MB ( <1%) committed 
             Both:        1.05 GB reserved,      53.05 MB (  5%) committed 

Chunk freelists:
   Non-Class:  2.00 KB
       Class:  0 bytes
        Both:  2.00 KB

MaxMetaspaceSize: 17179869184.00 GB
CompressedClassSpaceSize: 1.00 GB
Initial GC threshold: 20.80 MB
Current GC threshold: 86.95 MB
CDS: off

CodeHeap 'non-profiled nmethods': size=120064Kb used=4784Kb max_used=4784Kb free=115279Kb
 bounds [0x00000276c7500000, 0x00000276c79b0000, 0x00000276cea40000]
CodeHeap 'profiled nmethods': size=120000Kb used=16979Kb max_used=16979Kb free=103021Kb
 bounds [0x00000276bffd0000, 0x00000276c1070000, 0x00000276c7500000]
CodeHeap 'non-nmethods': size=5696Kb used=1324Kb max_used=1373Kb free=4371Kb
 bounds [0x00000276bfa40000, 0x00000276bfcb0000, 0x00000276bffd0000]
 total_blobs=7910 nmethods=7291 adapters=531
 compilation: enabled
              stopped_count=0, restarted_count=0
 full_count=0

Compilation events (20 events):
Event: 59.972 Thread 0x00000276d2254800 nmethod 7406 0x00000276c105a010 code [0x00000276c105a5e0, 0x00000276c105cf38]
Event: 59.972 Thread 0x00000276d2254800 7407       3       java.util.Random::next (47 bytes)
Event: 59.973 Thread 0x00000276d2254800 nmethod 7407 0x00000276c105dd10 code [0x00000276c105dee0, 0x00000276c105e178]
Event: 60.012 Thread 0x00000276d2254800 7408       3       org.openqa.selenium.remote.ElementLocation$ElementFinder::massage (72 bytes)
Event: 60.015 Thread 0x00000276d2254800 nmethod 7408 0x00000276c105e310 code [0x00000276c105e640, 0x00000276c105fcf8]
Event: 60.015 Thread 0x00000276d2254800 7409       3       org.openqa.selenium.remote.RemoteWebElement::setFoundBy (26 bytes)
Event: 60.017 Thread 0x00000276d2254800 nmethod 7409 0x00000276c1060310 code [0x00000276c10605a0, 0x00000276c10612f8]
Event: 60.017 Thread 0x00000276d2254800 7410       1       org.openqa.selenium.remote.RemoteWebDriver::getSessionId (5 bytes)
Event: 60.017 Thread 0x00000276d2254800 nmethod 7410 0x00000276c79aa490 code [0x00000276c79aa640, 0x00000276c79aa6f8]
Event: 60.103 Thread 0x00000276d224f800 7411       4       com.google.common.collect.CollectSpliterators$FlatMapSpliterator::forEachRemaining (44 bytes)
Event: 60.139 Thread 0x00000276d224f800 nmethod 7411 0x00000276c79aa790 code [0x00000276c79aa980, 0x00000276c79ab0f8]
Event: 60.254 Thread 0x00000276d2254800 7412       3       org.openqa.selenium.json.JsonOutput$$Lambda$684/0x000000010046fc40::accept (17 bytes)
Event: 60.254 Thread 0x00000276d2254800 nmethod 7412 0x00000276c1061710 code [0x00000276c10618e0, 0x00000276c1061a88]
Event: 60.970 Thread 0x00000276d224f800 7413       4       java.util.regex.Pattern$BmpCharProperty::match (55 bytes)
Event: 60.981 Thread 0x00000276d224f800 nmethod 7413 0x00000276c79ab790 code [0x00000276c79ab940, 0x00000276c79abb58]
Event: 61.020 Thread 0x00000276d2254800 7414       3       io.netty.buffer.AbstractByteBuf::ensureWritable0 (150 bytes)
Event: 61.024 Thread 0x00000276d2254800 nmethod 7414 0x00000276c1061b90 code [0x00000276c1061fc0, 0x00000276c10641e8]
Event: 61.299 Thread 0x00000276d224f800 7415       4       io.netty.channel.AbstractChannelHandlerContext::isNotValidPromise (193 bytes)
Event: 61.305 Thread 0x00000276d224f800 nmethod 7415 0x00000276c79abe10 code [0x00000276c79abfc0, 0x00000276c79ac118]
Event: 61.329 Thread 0x00000276d224f800 7416   !   4       io.netty.channel.AbstractChannelHandlerContext::write (146 bytes)

GC Heap History (20 events):
Event: 16.433 GC heap before
{Heap before GC invocations=12 (full 0):
 garbage-first heap   total 131072K, used 93644K [0x00000000e0000000, 0x0000000100000000)
  region size 1024K, 52 young (53248K), 1 survivors (1024K)
 Metaspace       used 36424K, capacity 37536K, committed 37680K, reserved 1083392K
  class space    used 3997K, capacity 4412K, committed 4480K, reserved 1048576K
}
Event: 16.445 GC heap after
{Heap after GC invocations=13 (full 0):
 garbage-first heap   total 131072K, used 44493K [0x00000000e0000000, 0x0000000100000000)
  region size 1024K, 4 young (4096K), 4 survivors (4096K)
 Metaspace       used 36424K, capacity 37536K, committed 37680K, reserved 1083392K
  class space    used 3997K, capacity 4412K, committed 4480K, reserved 1048576K
}
Event: 18.949 GC heap before
{Heap before GC invocations=13 (full 0):
 garbage-first heap   total 131072K, used 96717K [0x00000000e0000000, 0x0000000100000000)
  region size 1024K, 55 young (56320K), 4 survivors (4096K)
 Metaspace       used 38892K, capacity 40095K, committed 40368K, reserved 1085440K
  class space    used 4306K, capacity 4779K, committed 4864K, reserved 1048576K
}
Event: 18.966 GC heap after
{Heap after GC invocations=14 (full 0):
 garbage-first heap   total 131072K, used 48599K [0x00000000e0000000, 0x0000000100000000)
  region size 1024K, 4 young (4096K), 4 survivors (4096K)
 Metaspace       used 38892K, capacity 40095K, committed 40368K, reserved 1085440K
  class space    used 4306K, capacity 4779K, committed 4864K, reserved 1048576K
}
Event: 22.098 GC heap before
{Heap before GC invocations=14 (full 0):
 garbage-first heap   total 131072K, used 104919K [0x00000000e0000000, 0x0000000100000000)
  region size 1024K, 54 young (55296K), 4 survivors (4096K)
 Metaspace       used 40942K, capacity 42151K, committed 42416K, reserved 1087488K
  class space    used 4615K, capacity 5102K, committed 5120K, reserved 1048576K
}
Event: 22.111 GC heap after
{Heap after GC invocations=15 (full 0):
 garbage-first heap   total 131072K, used 57186K [0x00000000e0000000, 0x0000000100000000)
  region size 1024K, 4 young (4096K), 4 survivors (4096K)
 Metaspace       used 40942K, capacity 42151K, committed 42416K, reserved 1087488K
  class space    used 4615K, capacity 5102K, committed 5120K, reserved 1048576K
}
Event: 24.616 GC heap before
{Heap before GC invocations=15 (full 0):
 garbage-first heap   total 131072K, used 103266K [0x00000000e0000000, 0x0000000100000000)
  region size 1024K, 49 young (50176K), 4 survivors (4096K)
 Metaspace       used 42950K, capacity 44252K, committed 44592K, reserved 1089536K
  class space    used 4872K, capacity 5418K, committed 5504K, reserved 1048576K
}
Event: 24.629 GC heap after
{Heap after GC invocations=16 (full 0):
 garbage-first heap   total 131072K, used 60046K [0x00000000e0000000, 0x0000000100000000)
  region size 1024K, 7 young (7168K), 7 survivors (7168K)
 Metaspace       used 42950K, capacity 44252K, committed 44592K, reserved 1089536K
  class space    used 4872K, capacity 5418K, committed 5504K, reserved 1048576K
}
Event: 28.047 GC heap before
{Heap before GC invocations=16 (full 0):
 garbage-first heap   total 131072K, used 104078K [0x00000000e0000000, 0x0000000100000000)
  region size 1024K, 50 young (51200K), 7 survivors (7168K)
 Metaspace       used 44349K, capacity 45703K, committed 46000K, reserved 1089536K
  class space    used 5028K, capacity 5557K, committed 5632K, reserved 1048576K
}
Event: 28.062 GC heap after
{Heap after GC invocations=17 (full 0):
 garbage-first heap   total 131072K, used 62706K [0x00000000e0000000, 0x0000000100000000)
  region size 1024K, 6 young (6144K), 6 survivors (6144K)
 Metaspace       used 44349K, capacity 45703K, committed 46000K, reserved 1089536K
  class space    used 5028K, capacity 5557K, committed 5632K, reserved 1048576K
}
Event: 29.590 GC heap before
{Heap before GC invocations=17 (full 0):
 garbage-first heap   total 131072K, used 105714K [0x00000000e0000000, 0x0000000100000000)
  region size 1024K, 49 young (50176K), 6 survivors (6144K)
 Metaspace       used 46592K, capacity 48036K, committed 48304K, reserved 1091584K
  class space    used 5243K, capacity 5812K, committed 5888K, reserved 1048576K
}
Event: 29.608 GC heap after
{Heap after GC invocations=18 (full 0):
 garbage-first heap   total 131072K, used 66018K [0x00000000e0000000, 0x0000000100000000)
  region size 1024K, 6 young (6144K), 6 survivors (6144K)
 Metaspace       used 46592K, capacity 48036K, committed 48304K, reserved 1091584K
  class space    used 5243K, capacity 5812K, committed 5888K, reserved 1048576K
}
Event: 30.912 GC heap before
{Heap before GC invocations=18 (full 0):
 garbage-first heap   total 131072K, used 106978K [0x00000000e0000000, 0x0000000100000000)
  region size 1024K, 46 young (47104K), 6 survivors (6144K)
 Metaspace       used 49993K, capacity 51494K, committed 51760K, reserved 1095680K
  class space    used 5674K, capacity 6259K, committed 6272K, reserved 1048576K
}
Event: 30.928 GC heap after
{Heap after GC invocations=19 (full 0):
 garbage-first heap   total 131072K, used 69026K [0x00000000e0000000, 0x0000000100000000)
  region size 1024K, 4 young (4096K), 4 survivors (4096K)
 Metaspace       used 49993K, capacity 51494K, committed 51760K, reserved 1095680K
  class space    used 5674K, capacity 6259K, committed 6272K, reserved 1048576K
}
Event: 36.642 GC heap before
{Heap before GC invocations=20 (full 0):
 garbage-first heap   total 131072K, used 106914K [0x00000000e0000000, 0x0000000100000000)
  region size 1024K, 41 young (41984K), 4 survivors (4096K)
 Metaspace       used 51001K, capacity 52524K, committed 52656K, reserved 1095680K
  class space    used 5738K, capacity 6320K, committed 6400K, reserved 1048576K
}
Event: 36.651 GC heap after
{Heap after GC invocations=21 (full 0):
 garbage-first heap   total 131072K, used 69406K [0x00000000e0000000, 0x0000000100000000)
  region size 1024K, 4 young (4096K), 4 survivors (4096K)
 Metaspace       used 51001K, capacity 52524K, committed 52656K, reserved 1095680K
  class space    used 5738K, capacity 6320K, committed 6400K, reserved 1048576K
}
Event: 45.145 GC heap before
{Heap before GC invocations=21 (full 0):
 garbage-first heap   total 131072K, used 108318K [0x00000000e0000000, 0x0000000100000000)
  region size 1024K, 42 young (43008K), 4 survivors (4096K)
 Metaspace       used 51651K, capacity 53143K, committed 53424K, reserved 1095680K
  class space    used 5747K, capacity 6327K, committed 6400K, reserved 1048576K
}
Event: 45.152 GC heap after
{Heap after GC invocations=22 (full 0):
 garbage-first heap   total 131072K, used 69467K [0x00000000e0000000, 0x0000000100000000)
  region size 1024K, 1 young (1024K), 1 survivors (1024K)
 Metaspace       used 51651K, capacity 53143K, committed 53424K, reserved 1095680K
  class space    used 5747K, capacity 6327K, committed 6400K, reserved 1048576K
}
Event: 55.860 GC heap before
{Heap before GC invocations=23 (full 0):
 garbage-first heap   total 131072K, used 110427K [0x00000000e0000000, 0x0000000100000000)
  region size 1024K, 41 young (41984K), 1 survivors (1024K)
 Metaspace       used 51888K, capacity 53347K, committed 53424K, reserved 1095680K
  class space    used 5748K, capacity 6328K, committed 6400K, reserved 1048576K
}
Event: 55.864 GC heap after
{Heap after GC invocations=24 (full 0):
 garbage-first heap   total 131072K, used 69205K [0x00000000e0000000, 0x0000000100000000)
  region size 1024K, 1 young (1024K), 1 survivors (1024K)
 Metaspace       used 51888K, capacity 53347K, committed 53424K, reserved 1095680K
  class space    used 5748K, capacity 6328K, committed 6400K, reserved 1048576K
}

Deoptimization events (20 events):
Event: 59.268 Thread 0x00000276b72db000 DEOPT PACKING pc=0x00000276c78e9f64 sp=0x00000093984fc700
Event: 59.268 Thread 0x00000276b72db000 DEOPT UNPACKING pc=0x00000276bfa8a1af sp=0x00000093984fc6b0 mode 2
Event: 59.287 Thread 0x00000276d2e68000 Uncommon trap: trap_request=0xffffff4d fr.pc=0x00000276c7919ad0 relative=0x0000000000000490
Event: 59.287 Thread 0x00000276d2e68000 Uncommon trap: reason=unstable_if action=reinterpret pc=0x00000276c7919ad0 method=java.lang.Class.searchMethods([Ljava/lang/reflect/Method;Ljava/lang/String;[Ljava/lang/Class;)Ljava/lang/reflect/Method; @ 41 c2
Event: 59.287 Thread 0x00000276d2e68000 DEOPT PACKING pc=0x00000276c7919ad0 sp=0x00000093997fb140
Event: 59.287 Thread 0x00000276d2e68000 DEOPT UNPACKING pc=0x00000276bfa8a1af sp=0x00000093997fb0c8 mode 2
Event: 59.308 Thread 0x00000276d2e68000 Uncommon trap: trap_request=0xffffff4d fr.pc=0x00000276c78bf600 relative=0x0000000000003a40
Event: 59.308 Thread 0x00000276d2e68000 Uncommon trap: reason=unstable_if action=reinterpret pc=0x00000276c78bf600 method=org.aspectj.bridge.MessageHandler.clearMessages()V @ 8 c2
Event: 59.308 Thread 0x00000276d2e68000 DEOPT PACKING pc=0x00000276c78bf600 sp=0x00000093997fbaf0
Event: 59.308 Thread 0x00000276d2e68000 DEOPT UNPACKING pc=0x00000276bfa8a1af sp=0x00000093997fb9f8 mode 2
Event: 59.316 Thread 0x00000276d2e68000 Uncommon trap: trap_request=0xffffff4d fr.pc=0x00000276c79353b0 relative=0x0000000000000470
Event: 59.316 Thread 0x00000276d2e68000 Uncommon trap: reason=unstable_if action=reinterpret pc=0x00000276c79353b0 method=java.lang.ThreadLocal$ThreadLocalMap.expungeStaleEntry(I)I @ 100 c2
Event: 59.316 Thread 0x00000276d2e68000 DEOPT PACKING pc=0x00000276c79353b0 sp=0x00000093997faef0
Event: 59.316 Thread 0x00000276d2e68000 DEOPT UNPACKING pc=0x00000276bfa8a1af sp=0x00000093997fada0 mode 2
Event: 59.328 Thread 0x00000276d2e68000 DEOPT PACKING pc=0x00000276c027781f sp=0x00000093997fc390
Event: 59.329 Thread 0x00000276d2e68000 DEOPT UNPACKING pc=0x00000276bfa8a95e sp=0x00000093997fb808 mode 0
Event: 59.514 Thread 0x00000276d418d000 Uncommon trap: trap_request=0xffffff4d fr.pc=0x00000276c7936fcc relative=0x000000000000010c
Event: 59.514 Thread 0x00000276d418d000 Uncommon trap: reason=unstable_if action=reinterpret pc=0x00000276c7936fcc method=io.netty.buffer.AbstractByteBuf.ensureWritable0(I)V @ 23 c2
Event: 59.514 Thread 0x00000276d418d000 DEOPT PACKING pc=0x00000276c7936fcc sp=0x000000939a6fe690
Event: 59.514 Thread 0x00000276d418d000 DEOPT UNPACKING pc=0x00000276bfa8a1af sp=0x000000939a6fe600 mode 2

Classes redefined (0 events):
No events

Internal exceptions (20 events):
Event: 31.347 Thread 0x00000276b72db000 Exception <a 'java/lang/IncompatibleClassChangeError'{0x00000000e75bf1d0}: Found class java.lang.Object, but interface was expected> (0x00000000e75bf1d0) thrown at [s\src\hotspot\share\interpreter\linkResolver.cpp, line 839]
Event: 34.425 Thread 0x00000276b72db000 Exception <a 'sun/nio/fs/WindowsException'{0x00000000e665d958}> (0x00000000e665d958) thrown at [s\src\hotspot\share\prims\jni.cpp, line 617]
Event: 34.440 Thread 0x00000276b72db000 Exception <a 'sun/nio/fs/WindowsException'{0x00000000e667b0d8}> (0x00000000e667b0d8) thrown at [s\src\hotspot\share\prims\jni.cpp, line 617]
Event: 37.371 Thread 0x00000276b72db000 Exception <a 'sun/nio/fs/WindowsException'{0x00000000e7ca2090}> (0x00000000e7ca2090) thrown at [s\src\hotspot\share\prims\jni.cpp, line 617]
Event: 37.376 Thread 0x00000276b72db000 Exception <a 'sun/nio/fs/WindowsException'{0x00000000e7ca3ac8}> (0x00000000e7ca3ac8) thrown at [s\src\hotspot\share\prims\jni.cpp, line 617]
Event: 40.897 Thread 0x00000276b72db000 Exception <a 'sun/nio/fs/WindowsException'{0x00000000e6d24c98}> (0x00000000e6d24c98) thrown at [s\src\hotspot\share\prims\jni.cpp, line 617]
Event: 40.902 Thread 0x00000276b72db000 Exception <a 'sun/nio/fs/WindowsException'{0x00000000e6d266d0}> (0x00000000e6d266d0) thrown at [s\src\hotspot\share\prims\jni.cpp, line 617]
Event: 58.459 Thread 0x00000276b72db000 Exception <a 'java/lang/NoSuchMethodError'{0x00000000e76e1b80}: 'java.lang.Object java.lang.invoke.DirectMethodHandle$Holder.invokeSpecial(java.lang.Object, java.lang.Object, java.lang.Object, int, int, java.lang.Object)'> (0x00000000e76e1b80) thrown at [s\src\hotspot\share\interpreter\linkResolver.cpp, line 773]
Event: 58.460 Thread 0x00000276b72db000 Exception <a 'java/lang/NoSuchMethodError'{0x00000000e76e9578}: 'java.lang.Object java.lang.invoke.DirectMethodHandle$Holder.invokeStatic(java.lang.Object, java.lang.Object, java.lang.Object, int, int)'> (0x00000000e76e9578) thrown at [s\src\hotspot\share\interpreter\linkResolver.cpp, line 773]
Event: 58.461 Thread 0x00000276b72db000 Exception <a 'java/lang/NoSuchMethodError'{0x00000000e76ed358}: 'java.lang.Object java.lang.invoke.DirectMethodHandle$Holder.invokeSpecial(java.lang.Object, java.lang.Object, java.lang.Object, java.lang.Object, int, int)'> (0x00000000e76ed358) thrown at [s\src\hotspot\share\interpreter\linkResolver.cpp, line 773]
Event: 58.461 Thread 0x00000276b72db000 Exception <a 'java/lang/NoSuchMethodError'{0x00000000e76f09b0}: 'java.lang.Object java.lang.invoke.Invokers$Holder.linkToTargetMethod(java.lang.Object, java.lang.Object, int, int, java.lang.Object)'> (0x00000000e76f09b0) thrown at [s\src\hotspot\share\interpreter\linkResolver.cpp, line 773]
Event: 58.700 Thread 0x00000276b72db000 Exception <a 'sun/nio/fs/WindowsException'{0x00000000e71ceef0}> (0x00000000e71ceef0) thrown at [s\src\hotspot\share\prims\jni.cpp, line 617]
Event: 58.700 Thread 0x00000276b72db000 Exception <a 'sun/nio/fs/WindowsException'{0x00000000e71cf220}> (0x00000000e71cf220) thrown at [s\src\hotspot\share\prims\jni.cpp, line 617]
Event: 58.702 Thread 0x00000276b72db000 Exception <a 'sun/nio/fs/WindowsException'{0x00000000e71d09e0}> (0x00000000e71d09e0) thrown at [s\src\hotspot\share\prims\jni.cpp, line 617]
Event: 58.909 Thread 0x00000276b72db000 Exception <a 'sun/nio/fs/WindowsException'{0x00000000e70fdc18}> (0x00000000e70fdc18) thrown at [s\src\hotspot\share\prims\jni.cpp, line 617]
Event: 58.932 Thread 0x00000276b72db000 Exception <a 'sun/nio/fs/WindowsException'{0x00000000e6fdee88}> (0x00000000e6fdee88) thrown at [s\src\hotspot\share\prims\jni.cpp, line 617]
Event: 58.940 Thread 0x00000276b72db000 Exception <a 'java/lang/reflect/InvocationTargetException'{0x00000000e6e2b4e8}> (0x00000000e6e2b4e8) thrown at [s\src\hotspot\share\runtime\reflection.cpp, line 1247]
Event: 59.274 Thread 0x00000276b72db000 Exception <a 'sun/nio/fs/WindowsException'{0x00000000e6eff2a8}> (0x00000000e6eff2a8) thrown at [s\src\hotspot\share\prims\jni.cpp, line 617]
Event: 59.286 Thread 0x00000276b72db000 Exception <a 'sun/nio/fs/WindowsException'{0x00000000e6d0e050}> (0x00000000e6d0e050) thrown at [s\src\hotspot\share\prims\jni.cpp, line 617]
Event: 59.335 Thread 0x00000276d2e68000 Exception <a 'java/lang/NoSuchMethodError'{0x00000000e6c776a8}: <clinit>> (0x00000000e6c776a8) thrown at [s\src\hotspot\share\prims\jni.cpp, line 1367]

Events (20 events):
Event: 59.345 Executing VM operation: RevokeBias
Event: 59.346 Executing VM operation: RevokeBias done
Event: 59.346 Executing VM operation: RevokeBias
Event: 59.347 Executing VM operation: RevokeBias done
Event: 59.347 Executing VM operation: RevokeBias
Event: 59.347 Executing VM operation: RevokeBias done
Event: 59.350 Executing VM operation: RevokeBias
Event: 59.350 Executing VM operation: RevokeBias done
Event: 59.353 Executing VM operation: RevokeBias
Event: 59.354 Executing VM operation: RevokeBias done
Event: 59.356 Executing VM operation: RevokeBias
Event: 59.356 Executing VM operation: RevokeBias done
Event: 59.358 Executing VM operation: RevokeBias
Event: 59.358 Executing VM operation: RevokeBias done
Event: 59.374 loading class java/io/NotSerializableException
Event: 59.376 loading class java/io/NotSerializableException done
Event: 59.384 Thread 0x00000276d37b3000 Thread added: 0x00000276d37b3000
Event: 59.388 Executing VM operation: BulkRevokeBias
Event: 59.389 Executing VM operation: BulkRevokeBias done
Event: 59.963 Thread 0x00000276d37b3000 Thread exited: 0x00000276d37b3000


Dynamic libraries:
0x00007ff67a9a0000 - 0x00007ff67a9ae000 	C:\Program Files\Eclipse Adoptium\jdk-11.0.19.7-hotspot\bin\java.exe
0x00007ffea2250000 - 0x00007ffea2448000 	C:\WINDOWS\SYSTEM32\ntdll.dll
0x00007ffe7ab00000 - 0x00007ffe7ab19000 	C:\Program Files\AVAST Software\Avast\aswhook.dll
0x00007ffea1d50000 - 0x00007ffea1e0d000 	C:\WINDOWS\System32\KERNEL32.DLL
0x00007ffe9fc60000 - 0x00007ffe9ff56000 	C:\WINDOWS\System32\KERNELBASE.dll
0x00007ffea00d0000 - 0x00007ffea01d0000 	C:\WINDOWS\System32\ucrtbase.dll
0x00007ffe9b380000 - 0x00007ffe9b398000 	C:\Program Files\Eclipse Adoptium\jdk-11.0.19.7-hotspot\bin\jli.dll
0x00007ffe9b2c0000 - 0x00007ffe9b2d9000 	C:\Program Files\Eclipse Adoptium\jdk-11.0.19.7-hotspot\bin\VCRUNTIME140.dll
0x00007ffea1710000 - 0x00007ffea18ae000 	C:\WINDOWS\System32\USER32.dll
0x00007ffe9ff90000 - 0x00007ffe9ffb2000 	C:\WINDOWS\System32\win32u.dll
0x00007ffe85290000 - 0x00007ffe8552a000 	C:\WINDOWS\WinSxS\amd64_microsoft.windows.common-controls_6595b64144ccf1df_6.0.19041.1110_none_60b5254171f9507e\COMCTL32.dll
0x00007ffea0d80000 - 0x00007ffea0dac000 	C:\WINDOWS\System32\GDI32.dll
0x00007ffea1370000 - 0x00007ffea140e000 	C:\WINDOWS\System32\msvcrt.dll
0x00007ffe9fb40000 - 0x00007ffe9fc5a000 	C:\WINDOWS\System32\gdi32full.dll
0x00007ffe9ffc0000 - 0x00007ffea005d000 	C:\WINDOWS\System32\msvcp_win.dll
0x00007ffea1d20000 - 0x00007ffea1d50000 	C:\WINDOWS\System32\IMM32.DLL
0x00007ffe9d0a0000 - 0x00007ffe9d0ac000 	C:\Program Files\Eclipse Adoptium\jdk-11.0.19.7-hotspot\bin\vcruntime140_1.dll
0x00007ffe91320000 - 0x00007ffe913b1000 	C:\Program Files\Eclipse Adoptium\jdk-11.0.19.7-hotspot\bin\msvcp140.dll
0x00007ffe6ee80000 - 0x00007ffe6fa3c000 	C:\Program Files\Eclipse Adoptium\jdk-11.0.19.7-hotspot\bin\server\jvm.dll
0x00007ffea0c00000 - 0x00007ffea0cae000 	C:\WINDOWS\System32\ADVAPI32.dll
0x00007ffea0b40000 - 0x00007ffea0bdc000 	C:\WINDOWS\System32\sechost.dll
0x00007ffea2080000 - 0x00007ffea21a6000 	C:\WINDOWS\System32\RPCRT4.dll
0x00007ffea0b30000 - 0x00007ffea0b38000 	C:\WINDOWS\System32\PSAPI.DLL
0x00007ffe8eed0000 - 0x00007ffe8eed9000 	C:\WINDOWS\SYSTEM32\WSOCK32.dll
0x00007ffe97280000 - 0x00007ffe9728a000 	C:\WINDOWS\SYSTEM32\VERSION.dll
0x00007ffe97250000 - 0x00007ffe97277000 	C:\WINDOWS\SYSTEM32\WINMM.dll
0x00007ffea0d10000 - 0x00007ffea0d7b000 	C:\WINDOWS\System32\WS2_32.dll
0x00007ffe9d780000 - 0x00007ffe9d792000 	C:\WINDOWS\SYSTEM32\kernel.appcore.dll
0x00007ffe9d010000 - 0x00007ffe9d020000 	C:\Program Files\Eclipse Adoptium\jdk-11.0.19.7-hotspot\bin\verify.dll
0x00007ffe94170000 - 0x00007ffe94354000 	C:\WINDOWS\SYSTEM32\DBGHELP.DLL
0x00007ffe94130000 - 0x00007ffe94164000 	C:\WINDOWS\SYSTEM32\dbgcore.DLL
0x00007ffea0220000 - 0x00007ffea02a2000 	C:\WINDOWS\System32\bcryptPrimitives.dll
0x00007ffe98750000 - 0x00007ffe98778000 	C:\Program Files\Eclipse Adoptium\jdk-11.0.19.7-hotspot\bin\java.dll
0x00007ffe9b370000 - 0x00007ffe9b37a000 	C:\Program Files\Eclipse Adoptium\jdk-11.0.19.7-hotspot\bin\jimage.dll
0x00007ffe9b280000 - 0x00007ffe9b28e000 	C:\Program Files\Eclipse Adoptium\jdk-11.0.19.7-hotspot\bin\instrument.dll
0x00007ffe98730000 - 0x00007ffe98748000 	C:\Program Files\Eclipse Adoptium\jdk-11.0.19.7-hotspot\bin\zip.dll
0x00007ffea02b0000 - 0x00007ffea09f5000 	C:\WINDOWS\System32\SHELL32.dll
0x00007ffe9d980000 - 0x00007ffe9e11b000 	C:\WINDOWS\SYSTEM32\windows.storage.dll
0x00007ffea0f30000 - 0x00007ffea1284000 	C:\WINDOWS\System32\combase.dll
0x00007ffe9f290000 - 0x00007ffe9f2be000 	C:\WINDOWS\SYSTEM32\Wldp.dll
0x00007ffea0db0000 - 0x00007ffea0e5d000 	C:\WINDOWS\System32\SHCORE.dll
0x00007ffea0e60000 - 0x00007ffea0eb5000 	C:\WINDOWS\System32\shlwapi.dll
0x00007ffe9f860000 - 0x00007ffe9f885000 	C:\WINDOWS\SYSTEM32\profapi.dll
0x00007ffe98710000 - 0x00007ffe98729000 	C:\Program Files\Eclipse Adoptium\jdk-11.0.19.7-hotspot\bin\net.dll
0x00007ffe94360000 - 0x00007ffe9446a000 	C:\WINDOWS\SYSTEM32\WINHTTP.dll
0x00007ffe9f070000 - 0x00007ffe9f0da000 	C:\WINDOWS\system32\mswsock.dll
0x00007ffe98690000 - 0x00007ffe986a3000 	C:\Program Files\Eclipse Adoptium\jdk-11.0.19.7-hotspot\bin\nio.dll
0x00007ffe9f5d0000 - 0x00007ffe9f5e8000 	C:\WINDOWS\SYSTEM32\CRYPTSP.dll
0x00007ffe9e930000 - 0x00007ffe9e964000 	C:\WINDOWS\system32\rsaenh.dll
0x00007ffe9ff60000 - 0x00007ffe9ff87000 	C:\WINDOWS\System32\bcrypt.dll
0x00007ffe9f820000 - 0x00007ffe9f84e000 	C:\WINDOWS\SYSTEM32\USERENV.dll
0x00007ffe9f200000 - 0x00007ffe9f20c000 	C:\WINDOWS\SYSTEM32\CRYPTBASE.dll
0x00007ffe9ed30000 - 0x00007ffe9ed6b000 	C:\WINDOWS\SYSTEM32\IPHLPAPI.DLL
0x00007ffea0f20000 - 0x00007ffea0f28000 	C:\WINDOWS\System32\NSI.dll
0x00007ffe95700000 - 0x00007ffe95717000 	C:\WINDOWS\SYSTEM32\dhcpcsvc6.DLL
0x00007ffe956e0000 - 0x00007ffe956fd000 	C:\WINDOWS\SYSTEM32\dhcpcsvc.DLL
0x00007ffe9ed70000 - 0x00007ffe9ee3a000 	C:\WINDOWS\SYSTEM32\DNSAPI.dll
0x00007ffe86c50000 - 0x00007ffe86c67000 	C:\WINDOWS\system32\napinsp.dll
0x00007ffe86c30000 - 0x00007ffe86c4b000 	C:\WINDOWS\system32\pnrpnsp.dll
0x00007ffe89980000 - 0x00007ffe89995000 	C:\WINDOWS\system32\wshbth.dll
0x00007ffe9b1c0000 - 0x00007ffe9b1dd000 	C:\WINDOWS\system32\NLAapi.dll
0x00007ffe86c10000 - 0x00007ffe86c22000 	C:\WINDOWS\System32\winrnr.dll
0x00007ffe93af0000 - 0x00007ffe93afa000 	C:\Windows\System32\rasadhlp.dll
0x00007ffe93b80000 - 0x00007ffe93c02000 	C:\WINDOWS\System32\fwpuclnt.dll
0x00007ffe99bc0000 - 0x00007ffe99bc9000 	C:\Program Files\Eclipse Adoptium\jdk-11.0.19.7-hotspot\bin\management.dll
0x00007ffe98f40000 - 0x00007ffe98f4b000 	C:\Program Files\Eclipse Adoptium\jdk-11.0.19.7-hotspot\bin\management_ext.dll
0x00007ffe9d0c0000 - 0x00007ffe9d151000 	C:\WINDOWS\system32\apphelp.dll
0x00007ffe98eb0000 - 0x00007ffe98ebe000 	C:\Program Files\Eclipse Adoptium\jdk-11.0.19.7-hotspot\bin\sunmscapi.dll
0x00007ffe9f9e0000 - 0x00007ffe9fb3e000 	C:\WINDOWS\System32\CRYPT32.dll
0x00007ffe9f300000 - 0x00007ffe9f328000 	C:\WINDOWS\SYSTEM32\ncrypt.dll
0x00007ffe9f2c0000 - 0x00007ffe9f2fb000 	C:\WINDOWS\SYSTEM32\NTASN1.dll
0x00007ffe912f0000 - 0x00007ffe91317000 	C:\Program Files\Eclipse Adoptium\jdk-11.0.19.7-hotspot\bin\sunec.dll

dbghelp: loaded successfully - version: 4.0.5 - missing functions: none
symbol engine: initialized successfully - sym options: 0x614 - pdb path: .;C:\Program Files\Eclipse Adoptium\jdk-11.0.19.7-hotspot\bin;C:\WINDOWS\SYSTEM32;C:\Program Files\AVAST Software\Avast;C:\WINDOWS\WinSxS\amd64_microsoft.windows.common-controls_6595b64144ccf1df_6.0.19041.1110_none_60b5254171f9507e;C:\Program Files\Eclipse Adoptium\jdk-11.0.19.7-hotspot\bin\server

VM Arguments:
jvm_args: -Dallure.results.directory=C:\Users\Ruslan\Desktop\Automation\QA-diploma\build\allure-results -Ddb.password=pass -Ddb.url=jdbc:mysql://localhost:3306/app -Ddb.user=app -Djunit.jupiter.extensions.autodetection.enabled=true -Dorg.gradle.internal.worker.tmpdir=C:\Users\Ruslan\Desktop\Automation\QA-diploma\build\tmp\test\work -Dorg.gradle.native=false -Dselenide.headless -Dsut.url=http://localhost:8080 -javaagent:C:\Users\Ruslan\.gradle\caches\modules-2\files-2.1\org.aspectj\aspectjweaver\1.9.9.1\dcd2703279a94ad909fa3f3d08671cb0f2dabf7\aspectjweaver-1.9.9.1.jar -Xmx512m -Dfile.encoding=windows-1251 -Duser.country=RU -Duser.language=ru -Duser.variant -ea 
java_command: worker.org.gradle.process.internal.worker.GradleWorkerMain 'Gradle Test Executor 2'
java_class_path (initial): C:\\Users\\Ruslan\\.gradle\\caches\\7.5.1\\workerMain\\gradle-worker.jar;C:\\Users\\Ruslan\\Desktop\\Automation\\QA-diploma\\build\\classes\\java\\test;C:\\Users\\Ruslan\\.gradle\\caches\\modules-2\\files-2.1\\org.postgresql\\postgresql\\42.6.0\\7614cfce466145b84972781ab0079b8dea49e363\\postgresql-42.6.0.jar;C:\\Users\\Ruslan\\.gradle\\caches\\modules-2\\files-2.1\\org.junit.jupiter\\junit-jupiter-params\\5.10.0\\9041c7365495a897a64782ea5a6fdb99dab1814e\\junit-jupiter-params-5.10.0.jar;C:\\Users\\Ruslan\\.gradle\\caches\\modules-2\\files-2.1\\org.junit.jupiter\\junit-jupiter-engine\\5.10.0\\90587932d718fc51a48112d33045a18476c542ad\\junit-jupiter-engine-5.10.0.jar;C:\\Users\\Ruslan\\.gradle\\caches\\modules-2\\files-2.1\\io.qameta.allure\\allure-junit5\\2.20.1\\4dd0476b2b3faf26719200407a2ecfd0cd3b4de9\\allure-junit5-2.20.1.jar;C:\\Users\\Ruslan\\.gradle\\caches\\modules-2\\files-2.1\\io.qameta.allure\\allure-junit-platform\\2.20.1\\eed7d32afe119e7897123e4183921e311dae509f\\allure-junit-platform-2.20.1.jar;C:\\Users\\Ruslan\\.gradle\\caches\\modules-2\\files-2.1\\org.junit.jupiter\\junit-jupiter-api\\5.10.0\\2fe4ba3d31d5067878e468c96aa039005a9134d3\\junit-jupiter-api-5.10.0.jar;C:\\Users\\Ruslan\\.gradle\\caches\\modules-2\\files-2.1\\org.junit.platform\\junit-platform-launcher\\1.10.0\\89a1922534ed102be1fb2a8c0b2c6151297a12bf\\junit-platform-launcher-1.10.0.jar;C:\\Users\\Ruslan\\.gradle\\caches\\modules-2\\files-2.1\\org.junit.platform\\junit-platform-engine\\1.10.0\\276c4edcf64fabb5a139fa7b4f99330d7a93b804\\junit-platform-engine-1.10.0.jar;C:\\Users\\Ruslan\\.gradle\\caches\\modules-2\\files-2.1\\org.junit.platform\\junit-platform-commons\\1.10.0\\d533ff2c286eaf963566f92baf5f8a06628d2609\\junit-platform-commons-1.10.0.jar;C:\\Users\\Ruslan\\.gradle\\caches\\modules-2\\files-2.1\\org.junit.jupiter\\junit-jupiter\\5.10.0\\8fea1d9c58b2156f1b998f2f18da04bc9e087f74\\junit-jupiter-5.10.0.jar;C:\\Users\\Ruslan\\.gradle\\caches\\modules-2\\file
Launcher Type: SUN_STANDARD

[Global flags]
     intx CICompilerCount                          = 3                                         {product} {ergonomic}
     uint ConcGCThreads                            = 1                                         {product} {ergonomic}
     uint G1ConcRefinementThreads                  = 4                                         {product} {ergonomic}
   size_t G1HeapRegionSize                         = 1048576                                   {product} {ergonomic}
    uintx GCDrainStackTargetSize                   = 64                                        {product} {ergonomic}
   size_t InitialHeapSize                          = 134217728                                 {product} {ergonomic}
   size_t MarkStackSize                            = 4194304                                   {product} {ergonomic}
   size_t MaxHeapSize                              = 536870912                                 {product} {command line}
   size_t MaxNewSize                               = 321912832                                 {product} {ergonomic}
   size_t MinHeapDeltaBytes                        = 1048576                                   {product} {ergonomic}
    uintx NonNMethodCodeHeapSize                   = 5830732                                {pd product} {ergonomic}
    uintx NonProfiledCodeHeapSize                  = 122913754                              {pd product} {ergonomic}
    uintx ProfiledCodeHeapSize                     = 122913754                              {pd product} {ergonomic}
    uintx ReservedCodeCacheSize                    = 251658240                              {pd product} {ergonomic}
     bool SegmentedCodeCache                       = true                                      {product} {ergonomic}
     bool UseCompressedClassPointers               = true                                 {lp64_product} {ergonomic}
     bool UseCompressedOops                        = true                                 {lp64_product} {ergonomic}
     bool UseG1GC                                  = true                                      {product} {ergonomic}
     bool UseLargePagesIndividualAllocation        = false                                  {pd product} {ergonomic}

Logging:
Log output configuration:
 #0: stdout all=warning uptime,level,tags
 #1: stderr all=off uptime,level,tags

Environment Variables:
CLASSPATH=C:\Users\Ruslan\Desktop\Automation\QA-diploma\\gradle\wrapper\gradle-wrapper.jar
PATH=C:\Program Files\Eclipse Adoptium\jdk-11.0.19.7-hotspot\bin;C:\Program Files (x86)\VMware\VMware Player\bin\;C:\Program Files (x86)\Common Files\Oracle\Java\javapath;C:\WINDOWS\system32;C:\WINDOWS;C:\WINDOWS\System32\Wbem;C:\WINDOWS\System32\WindowsPowerShell\v1.0\;C:\WINDOWS\System32\OpenSSH\;C:\Program Files (x86)\ATI Technologies\ATI.ACE\Core-Static;C:\Program Files (x86)\AMD\ATI.ACE\Core-Static;C:\Program Files\Java\jdk-10.0.1\bin;C:\Program Files\Git\cmd;C:\Program Files\Docker\Docker\resources\bin;C:\webdrivers;C:\Users\Ruslan\AppData\Roaming\nvm;C:\Program Files\nodejs;C:\Users\Ruslan\AppData\Local\Programs\Python\Python39\Scripts\;C:\Users\Ruslan\AppData\Local\Programs\Python\Python39\;C:\Users\Ruslan\AppData\Local\Microsoft\WindowsApps;C:\Users\Ruslan\AppData\Local\Programs\Microsoft VS Code\bin;C:\Program Files\JetBrains\IntelliJ IDEA Community Edition 2022.3.3\bin;;C:\Users\Ruslan\AppData\Local\GitHubDesktop\bin;C:\Users\Ruslan\AppData\Roaming\nvm;C:\Program Files\nodejs
USERNAME=Ruslan
OS=Windows_NT
PROCESSOR_IDENTIFIER=Intel64 Family 6 Model 42 Stepping 7, GenuineIntel
TMP=C:\Users\Ruslan\AppData\Local\Temp
TEMP=C:\Users\Ruslan\AppData\Local\Temp



---------------  S Y S T E M  ---------------

OS: Windows 10 , 64 bit Build 19041 (10.0.19041.3393)
OS uptime: 0 days 1:13 hours
Hyper-V role detected

CPU:total 4 (initial active 4) (2 cores per cpu, 2 threads per core) family 6 model 42 stepping 7 microcode 0x2f, cmov, cx8, fxsr, mmx, sse, sse2, sse3, ssse3, sse4.1, sse4.2, popcnt, avx, clmul, ht, tsc, tscinvbit

Memory: 4k page, system-wide physical 8135M (1529M free)
TotalPageFile size 9159M (AvailPageFile size 3M)
current process WorkingSet (physical memory assigned to process): 304M, peak: 309M
current process commit charge ("private bytes"): 335M, peak: 340M

vm_info: OpenJDK 64-Bit Server VM (11.0.19+7) for windows-amd64 JRE (11.0.19+7), built on Apr 18 2023 23:12:18 by "" with MS VC++ 16.7 (VS2019)

END.
