#
# There is insufficient memory for the Java Runtime Environment to continue.
# Native memory allocation (malloc) failed to allocate 863696 bytes for Chunk::new
# Possible reasons:
#   The system is out of physical RAM or swap space
#   The process is running with CompressedOops enabled, and the Java Heap may be blocking the growth of the native heap
# Possible solutions:
#   Reduce memory load on the system
#   Increase physical memory or swap space
#   Check if swap backing store is full
#   Decrease Java heap size (-Xmx/-Xms)
#   Decrease number of Java threads
#   Decrease Java thread stack sizes (-Xss)
#   Set larger code cache with -XX:ReservedCodeCacheSize=
#   JVM is running with Unscaled Compressed Oops mode in which the Java heap is
#     placed in the first 4GB address space. The Java Heap base address is the
#     maximum limit for the native heap growth. Please use -XX:HeapBaseMinAddress
#     to set the Java Heap base and to place the Java Heap above 4GB virtual address.
# This output file may be truncated or incomplete.
#
#  Out of Memory Error (arena.cpp:197), pid=4672, tid=2960
#
# JRE version: OpenJDK Runtime Environment Temurin-11.0.19+7 (11.0.19+7) (build 11.0.19+7)
# Java VM: OpenJDK 64-Bit Server VM Temurin-11.0.19+7 (11.0.19+7, mixed mode, tiered, compressed oops, g1 gc, windows-amd64)
# No core dump will be written. Minidumps are not enabled by default on client versions of Windows
#

---------------  S U M M A R Y ------------

Command Line: -Dallure.results.directory=C:\Users\Ruslan\Desktop\Automation\QA-diploma\build\allure-results -Ddb.password=pass -Ddb.url=jdbc:mysql://localhost:3306/app -Ddb.user=app -Djunit.jupiter.extensions.autodetection.enabled=true -Dorg.gradle.internal.worker.tmpdir=C:\Users\Ruslan\Desktop\Automation\QA-diploma\build\tmp\test\work -Dorg.gradle.native=false -Dselenide.headless -Dsut.url=http://localhost:8080 -javaagent:C:\Users\Ruslan\.gradle\caches\modules-2\files-2.1\org.aspectj\aspectjweaver\1.9.9.1\dcd2703279a94ad909fa3f3d08671cb0f2dabf7\aspectjweaver-1.9.9.1.jar -Xmx512m -Dfile.encoding=windows-1251 -Duser.country=RU -Duser.language=ru -Duser.variant -ea worker.org.gradle.process.internal.worker.GradleWorkerMain 'Gradle Test Executor 3'

Host: Intel(R) Core(TM) i3-2330M CPU @ 2.20GHz, 4 cores, 7G,  Windows 10 , 64 bit Build 19041 (10.0.19041.3393)
Time: Fri Sep 29 12:55:25 2023 RTZ 2 (s 10 , 64 bit Build 19041 (10.0.19041.3393) elapsed time: 21.119173 seconds (0d 0h 0m 21s)

---------------  T H R E A D  ---------------

Current thread (0x000001bab8783000):  JavaThread "C2 CompilerThread1" daemon [_thread_in_native, id=2960, stack(0x000000256d000000,0x000000256d100000)]


Current CompileTask:
C2:  21119 3775       4       org.aspectj.weaver.World$TypeMap::put (585 bytes)

Stack: [0x000000256d000000,0x000000256d100000]
Native frames: (J=compiled Java code, j=interpreted, Vv=VM code, C=native code)
V  [jvm.dll+0x64fb5a]
V  [jvm.dll+0x7e3549]
V  [jvm.dll+0x7e4c49]
V  [jvm.dll+0x7e5333]
V  [jvm.dll+0x26afd5]
V  [jvm.dll+0xc1a5c]
V  [jvm.dll+0xc200c]
V  [jvm.dll+0x37b2f2]
V  [jvm.dll+0x3462e5]
V  [jvm.dll+0x34567a]
V  [jvm.dll+0x222d7f]
V  [jvm.dll+0x221d88]
V  [jvm.dll+0x19e6c1]
V  [jvm.dll+0x231f59]
V  [jvm.dll+0x2300af]
V  [jvm.dll+0x7a48d0]
V  [jvm.dll+0x79d6e4]
V  [jvm.dll+0x64e915]
C  [ucrtbase.dll+0x21bb2]
C  [KERNEL32.DLL+0x17344]
C  [ntdll.dll+0x526b1]


---------------  P R O C E S S  ---------------

Threads class SMR info:
_java_thread_list=0x000001bab9aa3ee0, length=26, elements={
0x000001ba980cc800, 0x000001bab4f2b800, 0x000001bab4f35000, 0x000001bab4f48800,
0x000001bab4f4a800, 0x000001bab4f4b800, 0x000001bab4f4e800, 0x000001bab4f53000,
0x000001bab4f65000, 0x000001ba98188000, 0x000001bab616c000, 0x000001bab6391000,
0x000001bab6f45000, 0x000001bab8783000, 0x000001baba5c9800, 0x000001bab84eb800,
0x000001babba8b800, 0x000001bab9d21000, 0x000001bab9971000, 0x000001bab9948000,
0x000001baba066000, 0x000001bab6eb0800, 0x000001bab6eb4800, 0x000001bab6eb3800,
0x000001bab6eb2000, 0x000001bab6eb2800
}

Java Threads: ( => current thread )
  0x000001ba980cc800 JavaThread "Forwarding get on session 9b27168c5e0ffd1f8458bfb11efa5585 to remote" [_thread_blocked, id=7100, stack(0x000000256b900000,0x000000256ba00000)]
  0x000001bab4f2b800 JavaThread "Reference Handler" daemon [_thread_blocked, id=6388, stack(0x000000256c000000,0x000000256c100000)]
  0x000001bab4f35000 JavaThread "Finalizer" daemon [_thread_blocked, id=11320, stack(0x000000256c100000,0x000000256c200000)]
  0x000001bab4f48800 JavaThread "Signal Dispatcher" daemon [_thread_blocked, id=9044, stack(0x000000256c200000,0x000000256c300000)]
  0x000001bab4f4a800 JavaThread "Attach Listener" daemon [_thread_blocked, id=1568, stack(0x000000256c300000,0x000000256c400000)]
  0x000001bab4f4b800 JavaThread "Service Thread" daemon [_thread_blocked, id=8088, stack(0x000000256c400000,0x000000256c500000)]
  0x000001bab4f4e800 JavaThread "C2 CompilerThread0" daemon [_thread_blocked, id=8472, stack(0x000000256c500000,0x000000256c600000)]
  0x000001bab4f53000 JavaThread "C1 CompilerThread0" daemon [_thread_blocked, id=12188, stack(0x000000256c600000,0x000000256c700000)]
  0x000001bab4f65000 JavaThread "Sweeper thread" daemon [_thread_blocked, id=6584, stack(0x000000256c700000,0x000000256c800000)]
  0x000001ba98188000 JavaThread "Common-Cleaner" daemon [_thread_blocked, id=6016, stack(0x000000256c800000,0x000000256c900000)]
  0x000001bab616c000 JavaThread "/127.0.0.1:60126 to /127.0.0.1:60125 workers" [_thread_blocked, id=9364, stack(0x000000256ce00000,0x000000256cf00000)]
  0x000001bab6391000 JavaThread "/127.0.0.1:60126 to /127.0.0.1:60125 workers Thread 2" [_thread_blocked, id=11348, stack(0x000000256ca00000,0x000000256cb00000)]
  0x000001bab6f45000 JavaThread "/127.0.0.1:60126 to /127.0.0.1:60125 workers Thread 3" [_thread_in_native, id=11820, stack(0x000000256cf00000,0x000000256d000000)]
=>0x000001bab8783000 JavaThread "C2 CompilerThread1" daemon [_thread_in_native, id=2960, stack(0x000000256d000000,0x000000256d100000)]
  0x000001baba5c9800 JavaThread "ForkJoinPool.commonPool-worker-3" daemon [_thread_blocked, id=3792, stack(0x000000256d200000,0x000000256d300000)]
  0x000001bab84eb800 JavaThread "AsyncHttpClient-1-1" daemon [_thread_blocked, id=13020, stack(0x000000256d300000,0x000000256d400000)]
  0x000001babba8b800 JavaThread "Exec Default Executor" daemon [_thread_in_native, id=11816, stack(0x000000256d400000,0x000000256d500000)]
  0x000001bab9d21000 JavaThread "Exec Stream Pumper" daemon [_thread_in_native, id=10552, stack(0x000000256d500000,0x000000256d600000)]
  0x000001bab9971000 JavaThread "Exec Stream Pumper" daemon [_thread_in_native, id=12028, stack(0x000000256d600000,0x000000256d700000)]
  0x000001bab9948000 JavaThread "Driver Service Executor" daemon [_thread_blocked, id=6208, stack(0x000000256d700000,0x000000256d800000)]
  0x000001baba066000 JavaThread "Driver Service Executor" daemon [_thread_blocked, id=10484, stack(0x000000256d800000,0x000000256d900000)]
  0x000001bab6eb0800 JavaThread "UrlChecker-2" daemon [_thread_blocked, id=5224, stack(0x000000256d900000,0x000000256da00000)]
  0x000001bab6eb4800 JavaThread "AsyncHttpClient-1-2" daemon [_thread_in_native, id=12780, stack(0x000000256db00000,0x000000256dc00000)]
  0x000001bab6eb3800 JavaThread "AsyncHttpClient-1-3" daemon [_thread_in_native, id=11388, stack(0x000000256da00000,0x000000256db00000)]
  0x000001bab6eb2000 JavaThread "AsyncHttpClient-1-4" daemon [_thread_in_native, id=11400, stack(0x000000256dc00000,0x000000256dd00000)]
  0x000001bab6eb2800 JavaThread "Dead threads watchdog" daemon [_thread_blocked, id=6032, stack(0x000000256dd00000,0x000000256de00000)]

Other Threads:
  0x000001bab4f29800 VMThread "VM Thread" [stack: 0x000000256bf00000,0x000000256c000000] [id=5076]
  0x000001bab5c4f800 WatcherThread [stack: 0x000000256c900000,0x000000256ca00000] [id=4004]
  0x000001ba980e6000 GCTaskThread "GC Thread#0" [stack: 0x000000256ba00000,0x000000256bb00000] [id=9140]
  0x000001bab5ef6800 GCTaskThread "GC Thread#1" [stack: 0x000000256cb00000,0x000000256cc00000] [id=5352]
  0x000001bab5b42000 GCTaskThread "GC Thread#2" [stack: 0x000000256cc00000,0x000000256cd00000] [id=10020]
  0x000001bab6bcc800 GCTaskThread "GC Thread#3" [stack: 0x000000256d100000,0x000000256d200000] [id=10560]
  0x000001ba980f8800 ConcurrentGCThread "G1 Main Marker" [stack: 0x000000256bb00000,0x000000256bc00000] [id=13052]
  0x000001ba9808a000 ConcurrentGCThread "G1 Conc#0" [stack: 0x000000256bc00000,0x000000256bd00000] [id=10892]
  0x000001ba9817d800 ConcurrentGCThread "G1 Refine#0" [stack: 0x000000256bd00000,0x000000256be00000] [id=2612]
  0x000001ba9817e800 ConcurrentGCThread "G1 Young RemSet Sampling" [stack: 0x000000256be00000,0x000000256bf00000] [id=4348]

Threads with active compile tasks:
C2 CompilerThread1    21249 3775       4       org.aspectj.weaver.World$TypeMap::put (585 bytes)

VM state:not at safepoint (normal execution)

VM Mutex/Monitor currently owned by a thread: None

Heap address: 0x00000000e0000000, size: 512 MB, Compressed Oops mode: 32-bit
Narrow klass base: 0x0000000000000000, Narrow klass shift: 3
Compressed class space size: 1073741824 Address: 0x0000000100000000

Heap:
 garbage-first heap   total 131072K, used 64244K [0x00000000e0000000, 0x0000000100000000)
  region size 1024K, 12 young (12288K), 5 survivors (5120K)
 Metaspace       used 41645K, capacity 42893K, committed 43056K, reserved 1087488K
  class space    used 4696K, capacity 5200K, committed 5248K, reserved 1048576K
Heap Regions: E=young(eden), S=young(survivor), O=old, HS=humongous(starts), HC=humongous(continues), CS=collection set, F=free, A=archive, TAMS=top-at-mark-start (previous, next)
|   0|0x00000000e0000000, 0x00000000e0100000, 0x00000000e0100000|100%| O|  |TAMS 0x00000000e0100000, 0x00000000e0000000| Untracked 
|   1|0x00000000e0100000, 0x00000000e0200000, 0x00000000e0200000|100%| O|  |TAMS 0x00000000e0200000, 0x00000000e0100000| Untracked 
|   2|0x00000000e0200000, 0x00000000e0300000, 0x00000000e0300000|100%| O|  |TAMS 0x00000000e0300000, 0x00000000e0200000| Untracked 
|   3|0x00000000e0300000, 0x00000000e0400000, 0x00000000e0400000|100%| O|  |TAMS 0x00000000e0400000, 0x00000000e0300000| Untracked 
|   4|0x00000000e0400000, 0x00000000e0500000, 0x00000000e0500000|100%| O|  |TAMS 0x00000000e0500000, 0x00000000e0400000| Untracked 
|   5|0x00000000e0500000, 0x00000000e0600000, 0x00000000e0600000|100%| O|  |TAMS 0x00000000e0600000, 0x00000000e0500000| Untracked 
|   6|0x00000000e0600000, 0x00000000e0700000, 0x00000000e0700000|100%| O|  |TAMS 0x00000000e0700000, 0x00000000e0600000| Untracked 
|   7|0x00000000e0700000, 0x00000000e0800000, 0x00000000e0800000|100%| O|  |TAMS 0x00000000e0800000, 0x00000000e0700000| Untracked 
|   8|0x00000000e0800000, 0x00000000e0900000, 0x00000000e0900000|100%| O|  |TAMS 0x00000000e0900000, 0x00000000e0800000| Untracked 
|   9|0x00000000e0900000, 0x00000000e0a00000, 0x00000000e0a00000|100%| O|  |TAMS 0x00000000e0a00000, 0x00000000e0900000| Untracked 
|  10|0x00000000e0a00000, 0x00000000e0b00000, 0x00000000e0b00000|100%| O|  |TAMS 0x00000000e0b00000, 0x00000000e0a00000| Untracked 
|  11|0x00000000e0b00000, 0x00000000e0c00000, 0x00000000e0c00000|100%| O|  |TAMS 0x00000000e0c00000, 0x00000000e0b00000| Untracked 
|  12|0x00000000e0c00000, 0x00000000e0d00000, 0x00000000e0d00000|100%| O|  |TAMS 0x00000000e0d00000, 0x00000000e0c00000| Untracked 
|  13|0x00000000e0d00000, 0x00000000e0e00000, 0x00000000e0e00000|100%| O|  |TAMS 0x00000000e0e00000, 0x00000000e0d00000| Untracked 
|  14|0x00000000e0e00000, 0x00000000e0f00000, 0x00000000e0f00000|100%| O|  |TAMS 0x00000000e0f00000, 0x00000000e0e00000| Untracked 
|  15|0x00000000e0f00000, 0x00000000e1000000, 0x00000000e1000000|100%| O|  |TAMS 0x00000000e1000000, 0x00000000e0f00000| Untracked 
|  16|0x00000000e1000000, 0x00000000e1100000, 0x00000000e1100000|100%| O|  |TAMS 0x00000000e1100000, 0x00000000e1000000| Untracked 
|  17|0x00000000e1100000, 0x00000000e1200000, 0x00000000e1200000|100%| O|  |TAMS 0x00000000e1200000, 0x00000000e1100000| Untracked 
|  18|0x00000000e1200000, 0x00000000e1300000, 0x00000000e1300000|100%| O|  |TAMS 0x00000000e1300000, 0x00000000e1200000| Untracked 
|  19|0x00000000e1300000, 0x00000000e1400000, 0x00000000e1400000|100%| O|  |TAMS 0x00000000e1400000, 0x00000000e1300000| Untracked 
|  20|0x00000000e1400000, 0x00000000e1500000, 0x00000000e1500000|100%| O|  |TAMS 0x00000000e1500000, 0x00000000e1400000| Untracked 
|  21|0x00000000e1500000, 0x00000000e1600000, 0x00000000e1600000|100%| O|  |TAMS 0x00000000e1600000, 0x00000000e1500000| Untracked 
|  22|0x00000000e1600000, 0x00000000e1700000, 0x00000000e1700000|100%| O|  |TAMS 0x00000000e1700000, 0x00000000e1600000| Untracked 
|  23|0x00000000e1700000, 0x00000000e1800000, 0x00000000e1800000|100%| O|  |TAMS 0x00000000e1800000, 0x00000000e1700000| Untracked 
|  24|0x00000000e1800000, 0x00000000e1900000, 0x00000000e1900000|100%| O|  |TAMS 0x00000000e1900000, 0x00000000e1800000| Untracked 
|  25|0x00000000e1900000, 0x00000000e1a00000, 0x00000000e1a00000|100%| O|  |TAMS 0x00000000e1a00000, 0x00000000e1900000| Untracked 
|  26|0x00000000e1a00000, 0x00000000e1b00000, 0x00000000e1b00000|100%| O|  |TAMS 0x00000000e1b00000, 0x00000000e1a00000| Untracked 
|  27|0x00000000e1b00000, 0x00000000e1c00000, 0x00000000e1c00000|100%| O|  |TAMS 0x00000000e1c00000, 0x00000000e1b00000| Untracked 
|  28|0x00000000e1c00000, 0x00000000e1d00000, 0x00000000e1d00000|100%| O|  |TAMS 0x00000000e1d00000, 0x00000000e1c00000| Untracked 
|  29|0x00000000e1d00000, 0x00000000e1e00000, 0x00000000e1e00000|100%| O|  |TAMS 0x00000000e1e00000, 0x00000000e1d00000| Untracked 
|  30|0x00000000e1e00000, 0x00000000e1f00000, 0x00000000e1f00000|100%| O|  |TAMS 0x00000000e1f00000, 0x00000000e1e00000| Untracked 
|  31|0x00000000e1f00000, 0x00000000e2000000, 0x00000000e2000000|100%| O|  |TAMS 0x00000000e2000000, 0x00000000e1f00000| Untracked 
|  32|0x00000000e2000000, 0x00000000e2100000, 0x00000000e2100000|100%| O|  |TAMS 0x00000000e2100000, 0x00000000e2000000| Untracked 
|  33|0x00000000e2100000, 0x00000000e2200000, 0x00000000e2200000|100%| O|  |TAMS 0x00000000e2200000, 0x00000000e2100000| Untracked 
|  34|0x00000000e2200000, 0x00000000e2300000, 0x00000000e2300000|100%| O|  |TAMS 0x00000000e2300000, 0x00000000e2200000| Untracked 
|  35|0x00000000e2300000, 0x00000000e2400000, 0x00000000e2400000|100%| O|  |TAMS 0x00000000e2400000, 0x00000000e2300000| Untracked 
|  36|0x00000000e2400000, 0x00000000e2500000, 0x00000000e2500000|100%| O|  |TAMS 0x00000000e24cc600, 0x00000000e2400000| Untracked 
|  37|0x00000000e2500000, 0x00000000e2600000, 0x00000000e2600000|100%| O|  |TAMS 0x00000000e2500000, 0x00000000e2500000| Untracked 
|  38|0x00000000e2600000, 0x00000000e2700000, 0x00000000e2700000|100%| O|  |TAMS 0x00000000e2600000, 0x00000000e2600000| Untracked 
|  39|0x00000000e2700000, 0x00000000e2800000, 0x00000000e2800000|100%| O|  |TAMS 0x00000000e2700000, 0x00000000e2700000| Untracked 
|  40|0x00000000e2800000, 0x00000000e2900000, 0x00000000e2900000|100%| O|  |TAMS 0x00000000e2800000, 0x00000000e2800000| Untracked 
|  41|0x00000000e2900000, 0x00000000e2a00000, 0x00000000e2a00000|100%| O|  |TAMS 0x00000000e2900000, 0x00000000e2900000| Untracked 
|  42|0x00000000e2a00000, 0x00000000e2b00000, 0x00000000e2b00000|100%| O|  |TAMS 0x00000000e2a00000, 0x00000000e2a00000| Untracked 
|  43|0x00000000e2b00000, 0x00000000e2c00000, 0x00000000e2c00000|100%| O|  |TAMS 0x00000000e2b00000, 0x00000000e2b00000| Untracked 
|  44|0x00000000e2c00000, 0x00000000e2d00000, 0x00000000e2d00000|100%|HS|  |TAMS 0x00000000e2c00000, 0x00000000e2c00000| Complete 
|  45|0x00000000e2d00000, 0x00000000e2e00000, 0x00000000e2e00000|100%|HC|  |TAMS 0x00000000e2d00000, 0x00000000e2d00000| Complete 
|  46|0x00000000e2e00000, 0x00000000e2f00000, 0x00000000e2f00000|100%|HC|  |TAMS 0x00000000e2e00000, 0x00000000e2e00000| Complete 
|  47|0x00000000e2f00000, 0x00000000e3000000, 0x00000000e3000000|100%|HC|  |TAMS 0x00000000e2f00000, 0x00000000e2f00000| Complete 
|  48|0x00000000e3000000, 0x00000000e3100000, 0x00000000e3100000|100%|HC|  |TAMS 0x00000000e3000000, 0x00000000e3000000| Complete 
|  49|0x00000000e3100000, 0x00000000e3200000, 0x00000000e3200000|100%| O|  |TAMS 0x00000000e3100000, 0x00000000e3100000| Untracked 
|  50|0x00000000e3200000, 0x00000000e3300000, 0x00000000e3300000|100%| O|  |TAMS 0x00000000e3200000, 0x00000000e3200000| Untracked 
|  51|0x00000000e3300000, 0x00000000e3400000, 0x00000000e3400000|100%| O|  |TAMS 0x00000000e3300000, 0x00000000e3300000| Untracked 
|  52|0x00000000e3400000, 0x00000000e3487a00, 0x00000000e3500000| 52%| O|  |TAMS 0x00000000e3400000, 0x00000000e3400000| Untracked 
|  53|0x00000000e3500000, 0x00000000e3500000, 0x00000000e3600000|  0%| F|  |TAMS 0x00000000e3500000, 0x00000000e3500000| Untracked 
|  54|0x00000000e3600000, 0x00000000e3600000, 0x00000000e3700000|  0%| F|  |TAMS 0x00000000e3600000, 0x00000000e3600000| Untracked 
|  55|0x00000000e3700000, 0x00000000e3700000, 0x00000000e3800000|  0%| F|  |TAMS 0x00000000e3700000, 0x00000000e3700000| Untracked 
|  56|0x00000000e3800000, 0x00000000e3800000, 0x00000000e3900000|  0%| F|  |TAMS 0x00000000e3800000, 0x00000000e3800000| Untracked 
|  57|0x00000000e3900000, 0x00000000e3900000, 0x00000000e3a00000|  0%| F|  |TAMS 0x00000000e3900000, 0x00000000e3900000| Untracked 
|  58|0x00000000e3a00000, 0x00000000e3a00000, 0x00000000e3b00000|  0%| F|  |TAMS 0x00000000e3a00000, 0x00000000e3a00000| Untracked 
|  59|0x00000000e3b00000, 0x00000000e3b00000, 0x00000000e3c00000|  0%| F|  |TAMS 0x00000000e3b00000, 0x00000000e3b00000| Untracked 
|  60|0x00000000e3c00000, 0x00000000e3c00000, 0x00000000e3d00000|  0%| F|  |TAMS 0x00000000e3c00000, 0x00000000e3c00000| Untracked 
|  61|0x00000000e3d00000, 0x00000000e3d00000, 0x00000000e3e00000|  0%| F|  |TAMS 0x00000000e3d00000, 0x00000000e3d00000| Untracked 
|  62|0x00000000e3e00000, 0x00000000e3e00000, 0x00000000e3f00000|  0%| F|  |TAMS 0x00000000e3e00000, 0x00000000e3e00000| Untracked 
|  63|0x00000000e3f00000, 0x00000000e3f00000, 0x00000000e4000000|  0%| F|  |TAMS 0x00000000e3f00000, 0x00000000e3f00000| Untracked 
|  64|0x00000000e4000000, 0x00000000e4000000, 0x00000000e4100000|  0%| F|  |TAMS 0x00000000e4000000, 0x00000000e4000000| Untracked 
|  65|0x00000000e4100000, 0x00000000e4100000, 0x00000000e4200000|  0%| F|  |TAMS 0x00000000e4100000, 0x00000000e4100000| Untracked 
|  66|0x00000000e4200000, 0x00000000e4200000, 0x00000000e4300000|  0%| F|  |TAMS 0x00000000e4200000, 0x00000000e4200000| Untracked 
|  67|0x00000000e4300000, 0x00000000e4335668, 0x00000000e4400000| 20%| S|CS|TAMS 0x00000000e4300000, 0x00000000e4300000| Complete 
|  68|0x00000000e4400000, 0x00000000e4500000, 0x00000000e4500000|100%| S|CS|TAMS 0x00000000e4400000, 0x00000000e4400000| Complete 
|  69|0x00000000e4500000, 0x00000000e4600000, 0x00000000e4600000|100%| S|CS|TAMS 0x00000000e4500000, 0x00000000e4500000| Complete 
|  70|0x00000000e4600000, 0x00000000e4700000, 0x00000000e4700000|100%| S|CS|TAMS 0x00000000e4600000, 0x00000000e4600000| Complete 
|  71|0x00000000e4700000, 0x00000000e4700000, 0x00000000e4800000|  0%| F|  |TAMS 0x00000000e4700000, 0x00000000e4700000| Untracked 
|  72|0x00000000e4800000, 0x00000000e4800000, 0x00000000e4900000|  0%| F|  |TAMS 0x00000000e4800000, 0x00000000e4800000| Untracked 
|  73|0x00000000e4900000, 0x00000000e4900000, 0x00000000e4a00000|  0%| F|  |TAMS 0x00000000e4900000, 0x00000000e4900000| Untracked 
|  74|0x00000000e4a00000, 0x00000000e4a00000, 0x00000000e4b00000|  0%| F|  |TAMS 0x00000000e4a00000, 0x00000000e4a00000| Untracked 
|  75|0x00000000e4b00000, 0x00000000e4c00000, 0x00000000e4c00000|100%| S|CS|TAMS 0x00000000e4b00000, 0x00000000e4b00000| Complete 
|  76|0x00000000e4c00000, 0x00000000e4c00000, 0x00000000e4d00000|  0%| F|  |TAMS 0x00000000e4c00000, 0x00000000e4c00000| Untracked 
|  77|0x00000000e4d00000, 0x00000000e4d00000, 0x00000000e4e00000|  0%| F|  |TAMS 0x00000000e4d00000, 0x00000000e4d00000| Untracked 
|  78|0x00000000e4e00000, 0x00000000e4e00000, 0x00000000e4f00000|  0%| F|  |TAMS 0x00000000e4e00000, 0x00000000e4e00000| Untracked 
|  79|0x00000000e4f00000, 0x00000000e4f00000, 0x00000000e5000000|  0%| F|  |TAMS 0x00000000e4f00000, 0x00000000e4f00000| Untracked 
|  80|0x00000000e5000000, 0x00000000e5000000, 0x00000000e5100000|  0%| F|  |TAMS 0x00000000e5000000, 0x00000000e5000000| Untracked 
|  81|0x00000000e5100000, 0x00000000e5100000, 0x00000000e5200000|  0%| F|  |TAMS 0x00000000e5100000, 0x00000000e5100000| Untracked 
|  82|0x00000000e5200000, 0x00000000e5200000, 0x00000000e5300000|  0%| F|  |TAMS 0x00000000e5200000, 0x00000000e5200000| Untracked 
|  83|0x00000000e5300000, 0x00000000e5300000, 0x00000000e5400000|  0%| F|  |TAMS 0x00000000e5300000, 0x00000000e5300000| Untracked 
|  84|0x00000000e5400000, 0x00000000e5400000, 0x00000000e5500000|  0%| F|  |TAMS 0x00000000e5400000, 0x00000000e5400000| Untracked 
|  85|0x00000000e5500000, 0x00000000e5500000, 0x00000000e5600000|  0%| F|  |TAMS 0x00000000e5500000, 0x00000000e5500000| Untracked 
|  86|0x00000000e5600000, 0x00000000e5600000, 0x00000000e5700000|  0%| F|  |TAMS 0x00000000e5600000, 0x00000000e5600000| Untracked 
|  87|0x00000000e5700000, 0x00000000e5700000, 0x00000000e5800000|  0%| F|  |TAMS 0x00000000e5700000, 0x00000000e5700000| Untracked 
|  88|0x00000000e5800000, 0x00000000e5800000, 0x00000000e5900000|  0%| F|  |TAMS 0x00000000e5800000, 0x00000000e5800000| Untracked 
|  89|0x00000000e5900000, 0x00000000e5900000, 0x00000000e5a00000|  0%| F|  |TAMS 0x00000000e5900000, 0x00000000e5900000| Untracked 
|  90|0x00000000e5a00000, 0x00000000e5a00000, 0x00000000e5b00000|  0%| F|  |TAMS 0x00000000e5a00000, 0x00000000e5a00000| Untracked 
|  91|0x00000000e5b00000, 0x00000000e5b00000, 0x00000000e5c00000|  0%| F|  |TAMS 0x00000000e5b00000, 0x00000000e5b00000| Untracked 
|  92|0x00000000e5c00000, 0x00000000e5c00000, 0x00000000e5d00000|  0%| F|  |TAMS 0x00000000e5c00000, 0x00000000e5c00000| Untracked 
|  93|0x00000000e5d00000, 0x00000000e5d00000, 0x00000000e5e00000|  0%| F|  |TAMS 0x00000000e5d00000, 0x00000000e5d00000| Untracked 
|  94|0x00000000e5e00000, 0x00000000e5e00000, 0x00000000e5f00000|  0%| F|  |TAMS 0x00000000e5e00000, 0x00000000e5e00000| Untracked 
|  95|0x00000000e5f00000, 0x00000000e5f00000, 0x00000000e6000000|  0%| F|  |TAMS 0x00000000e5f00000, 0x00000000e5f00000| Untracked 
|  96|0x00000000e6000000, 0x00000000e6000000, 0x00000000e6100000|  0%| F|  |TAMS 0x00000000e6000000, 0x00000000e6000000| Untracked 
|  97|0x00000000e6100000, 0x00000000e6100000, 0x00000000e6200000|  0%| F|  |TAMS 0x00000000e6100000, 0x00000000e6100000| Untracked 
|  98|0x00000000e6200000, 0x00000000e6200000, 0x00000000e6300000|  0%| F|  |TAMS 0x00000000e6200000, 0x00000000e6200000| Untracked 
|  99|0x00000000e6300000, 0x00000000e6300000, 0x00000000e6400000|  0%| F|  |TAMS 0x00000000e6300000, 0x00000000e6300000| Untracked 
| 100|0x00000000e6400000, 0x00000000e6400000, 0x00000000e6500000|  0%| F|  |TAMS 0x00000000e6400000, 0x00000000e6400000| Untracked 
| 101|0x00000000e6500000, 0x00000000e6500000, 0x00000000e6600000|  0%| F|  |TAMS 0x00000000e6500000, 0x00000000e6500000| Untracked 
| 102|0x00000000e6600000, 0x00000000e6600000, 0x00000000e6700000|  0%| F|  |TAMS 0x00000000e6600000, 0x00000000e6600000| Untracked 
| 103|0x00000000e6700000, 0x00000000e6700000, 0x00000000e6800000|  0%| F|  |TAMS 0x00000000e6700000, 0x00000000e6700000| Untracked 
| 104|0x00000000e6800000, 0x00000000e6800000, 0x00000000e6900000|  0%| F|  |TAMS 0x00000000e6800000, 0x00000000e6800000| Untracked 
| 105|0x00000000e6900000, 0x00000000e6900000, 0x00000000e6a00000|  0%| F|  |TAMS 0x00000000e6900000, 0x00000000e6900000| Untracked 
| 106|0x00000000e6a00000, 0x00000000e6a00000, 0x00000000e6b00000|  0%| F|  |TAMS 0x00000000e6a00000, 0x00000000e6a00000| Untracked 
| 107|0x00000000e6b00000, 0x00000000e6b00000, 0x00000000e6c00000|  0%| F|  |TAMS 0x00000000e6b00000, 0x00000000e6b00000| Untracked 
| 108|0x00000000e6c00000, 0x00000000e6c00000, 0x00000000e6d00000|  0%| F|  |TAMS 0x00000000e6c00000, 0x00000000e6c00000| Untracked 
| 109|0x00000000e6d00000, 0x00000000e6d00000, 0x00000000e6e00000|  0%| F|  |TAMS 0x00000000e6d00000, 0x00000000e6d00000| Untracked 
| 110|0x00000000e6e00000, 0x00000000e6e00000, 0x00000000e6f00000|  0%| F|  |TAMS 0x00000000e6e00000, 0x00000000e6e00000| Untracked 
| 111|0x00000000e6f00000, 0x00000000e6f00000, 0x00000000e7000000|  0%| F|  |TAMS 0x00000000e6f00000, 0x00000000e6f00000| Untracked 
| 112|0x00000000e7000000, 0x00000000e7000000, 0x00000000e7100000|  0%| F|  |TAMS 0x00000000e7000000, 0x00000000e7000000| Untracked 
| 113|0x00000000e7100000, 0x00000000e7100000, 0x00000000e7200000|  0%| F|  |TAMS 0x00000000e7100000, 0x00000000e7100000| Untracked 
| 114|0x00000000e7200000, 0x00000000e7200000, 0x00000000e7300000|  0%| F|  |TAMS 0x00000000e7200000, 0x00000000e7200000| Untracked 
| 115|0x00000000e7300000, 0x00000000e7300000, 0x00000000e7400000|  0%| F|  |TAMS 0x00000000e7300000, 0x00000000e7300000| Untracked 
| 116|0x00000000e7400000, 0x00000000e7400000, 0x00000000e7500000|  0%| F|  |TAMS 0x00000000e7400000, 0x00000000e7400000| Untracked 
| 117|0x00000000e7500000, 0x00000000e7500000, 0x00000000e7600000|  0%| F|  |TAMS 0x00000000e7500000, 0x00000000e7500000| Untracked 
| 118|0x00000000e7600000, 0x00000000e7600000, 0x00000000e7700000|  0%| F|  |TAMS 0x00000000e7600000, 0x00000000e7600000| Untracked 
| 119|0x00000000e7700000, 0x00000000e7700000, 0x00000000e7800000|  0%| F|  |TAMS 0x00000000e7700000, 0x00000000e7700000| Untracked 
| 120|0x00000000e7800000, 0x00000000e7800000, 0x00000000e7900000|  0%| F|  |TAMS 0x00000000e7800000, 0x00000000e7800000| Untracked 
| 121|0x00000000e7900000, 0x00000000e7a00000, 0x00000000e7a00000|100%| E|  |TAMS 0x00000000e7900000, 0x00000000e7900000| Complete 
| 122|0x00000000e7a00000, 0x00000000e7b00000, 0x00000000e7b00000|100%| E|CS|TAMS 0x00000000e7a00000, 0x00000000e7a00000| Complete 
| 123|0x00000000e7b00000, 0x00000000e7c00000, 0x00000000e7c00000|100%| E|CS|TAMS 0x00000000e7b00000, 0x00000000e7b00000| Complete 
| 124|0x00000000e7c00000, 0x00000000e7d00000, 0x00000000e7d00000|100%| E|CS|TAMS 0x00000000e7c00000, 0x00000000e7c00000| Complete 
| 125|0x00000000e7d00000, 0x00000000e7e00000, 0x00000000e7e00000|100%| E|CS|TAMS 0x00000000e7d00000, 0x00000000e7d00000| Complete 
| 126|0x00000000e7e00000, 0x00000000e7f00000, 0x00000000e7f00000|100%| E|CS|TAMS 0x00000000e7e00000, 0x00000000e7e00000| Complete 
| 127|0x00000000e7f00000, 0x00000000e8000000, 0x00000000e8000000|100%| E|CS|TAMS 0x00000000e7f00000, 0x00000000e7f00000| Complete 

Card table byte_map: [0x000001bab1720000,0x000001bab1820000] _byte_map_base: 0x000001bab1020000

Marking Bits (Prev, Next): (CMBitMap*) 0x000001ba980f5e88, (CMBitMap*) 0x000001ba980f5ec0
 Prev Bits: [0x000001bab1920000, 0x000001bab2120000)
 Next Bits: [0x000001bab2120000, 0x000001bab2920000)

Polling page: 0x000001ba97f80000

Metaspace:

Usage:
  Non-class:     36.81 MB capacity,    36.08 MB ( 98%) used,   599.98 KB (  2%) free+waste,   143.31 KB ( <1%) overhead. 
      Class:      5.08 MB capacity,     4.59 MB ( 90%) used,   434.43 KB (  8%) free+waste,    69.44 KB (  1%) overhead. 
       Both:     41.89 MB capacity,    40.67 MB ( 97%) used,     1.01 MB (  2%) free+waste,   212.75 KB ( <1%) overhead. 

Virtual space:
  Non-class space:       38.00 MB reserved,      36.92 MB ( 97%) committed 
      Class space:        1.00 GB reserved,       5.12 MB ( <1%) committed 
             Both:        1.04 GB reserved,      42.05 MB (  4%) committed 

Chunk freelists:
   Non-Class:  0 bytes
       Class:  16.00 KB
        Both:  16.00 KB

MaxMetaspaceSize: 17179869184.00 GB
CompressedClassSpaceSize: 1.00 GB
Initial GC threshold: 20.80 MB
Current GC threshold: 58.41 MB
CDS: off

CodeHeap 'non-profiled nmethods': size=120064Kb used=3073Kb max_used=3073Kb free=116990Kb
 bounds [0x000001baa9ab0000, 0x000001baa9dc0000, 0x000001bab0ff0000]
CodeHeap 'profiled nmethods': size=120000Kb used=9128Kb max_used=9128Kb free=110872Kb
 bounds [0x000001baa2580000, 0x000001baa2e70000, 0x000001baa9ab0000]
CodeHeap 'non-nmethods': size=5696Kb used=1271Kb max_used=1341Kb free=4424Kb
 bounds [0x000001baa1ff0000, 0x000001baa2260000, 0x000001baa2580000]
 total_blobs=4373 nmethods=3816 adapters=469
 compilation: enabled
              stopped_count=0, restarted_count=0
 full_count=0

Compilation events (20 events):
Event: 20.903 Thread 0x000001bab4f4e800 nmethod 3782 0x000001baa9dac610 code [0x000001baa9dac7e0, 0x000001baa9dac9d8]
Event: 20.903 Thread 0x000001bab4f53000 nmethod 3892 0x000001baa2e69010 code [0x000001baa2e691c0, 0x000001baa2e692d8]
Event: 20.903 Thread 0x000001bab4f53000 3890       2       org.openqa.selenium.json.JsonOutput::lambda$write0$32 (27 bytes)
Event: 20.903 Thread 0x000001bab4f4e800 3766       4       org.aspectj.weaver.ReferenceType::ensureConsistent (86 bytes)
Event: 20.910 Thread 0x000001bab4f53000 nmethod 3890 0x000001baa2e69390 code [0x000001baa2e69560, 0x000001baa2e69718]
Event: 20.910 Thread 0x000001bab4f53000 3893       2       io.netty.util.concurrent.AbstractEventExecutor::inEventLoop (8 bytes)
Event: 20.911 Thread 0x000001bab8783000 nmethod 3762 0x000001baa9d9c790 code [0x000001baa9d9ce60, 0x000001baa9da6e90]
Event: 20.911 Thread 0x000001bab4f53000 nmethod 3893 0x000001baa2e69810 code [0x000001baa2e699c0, 0x000001baa2e69ae8]
Event: 20.911 Thread 0x000001bab4f53000 3894       1       io.netty.buffer.AbstractByteBuf::writerIndex (5 bytes)
Event: 20.911 Thread 0x000001bab4f53000 nmethod 3894 0x000001baa9dacb90 code [0x000001baa9dacd40, 0x000001baa9dacdf8]
Event: 20.915 Thread 0x000001bab8783000 3767       4       org.aspectj.weaver.bcel.BcelObjectType::ensureConsistent (15 bytes)
Event: 20.920 Thread 0x000001bab8783000 nmethod 3767 0x000001baa9dace90 code [0x000001baa9dad040, 0x000001baa9dad198]
Event: 20.920 Thread 0x000001bab8783000 3822       4       org.aspectj.apache.bcel.generic.LineNumberTag::<init> (10 bytes)
Event: 20.921 Thread 0x000001bab8783000 nmethod 3822 0x000001baa9dad290 code [0x000001baa9dad420, 0x000001baa9dad478]
Event: 20.921 Thread 0x000001bab8783000 3769       4       org.aspectj.apache.bcel.classfile.LocalVariable::<init> (38 bytes)
Event: 20.925 Thread 0x000001bab8783000 nmethod 3769 0x000001baa9dad590 code [0x000001baa9dad720, 0x000001baa9dad878]
Event: 20.925 Thread 0x000001bab8783000 3837   !   4       java.util.zip.Inflater::inflate (418 bytes)
Event: 20.946 Thread 0x000001bab8783000 nmethod 3837 0x000001baa9dad910 code [0x000001baa9dadae0, 0x000001baa9dae258]
Event: 20.946 Thread 0x000001bab8783000 3775       4       org.aspectj.weaver.World$TypeMap::put (585 bytes)
Event: 21.011 Thread 0x000001bab4f4e800 nmethod 3766 0x000001baa9dae910 code [0x000001baa9daeb80, 0x000001baa9dafd18]

GC Heap History (20 events):
Event: 5.227 GC heap before
{Heap before GC invocations=2 (full 0):
 garbage-first heap   total 131072K, used 37696K [0x00000000e0000000, 0x0000000100000000)
  region size 1024K, 33 young (33792K), 10 survivors (10240K)
 Metaspace       used 20125K, capacity 20470K, committed 20608K, reserved 1067008K
  class space    used 1982K, capacity 2112K, committed 2176K, reserved 1048576K
}
Event: 5.249 GC heap after
{Heap after GC invocations=3 (full 0):
 garbage-first heap   total 131072K, used 18458K [0x00000000e0000000, 0x0000000100000000)
  region size 1024K, 5 young (5120K), 5 survivors (5120K)
 Metaspace       used 20125K, capacity 20470K, committed 20608K, reserved 1067008K
  class space    used 1982K, capacity 2112K, committed 2176K, reserved 1048576K
}
Event: 5.629 GC heap before
{Heap before GC invocations=3 (full 0):
 garbage-first heap   total 131072K, used 33818K [0x00000000e0000000, 0x0000000100000000)
  region size 1024K, 21 young (21504K), 5 survivors (5120K)
 Metaspace       used 20821K, capacity 21175K, committed 21296K, reserved 1069056K
  class space    used 2045K, capacity 2176K, committed 2176K, reserved 1048576K
}
Event: 5.639 GC heap after
{Heap after GC invocations=4 (full 0):
 garbage-first heap   total 131072K, used 20218K [0x00000000e0000000, 0x0000000100000000)
  region size 1024K, 2 young (2048K), 2 survivors (2048K)
 Metaspace       used 20821K, capacity 21175K, committed 21296K, reserved 1069056K
  class space    used 2045K, capacity 2176K, committed 2176K, reserved 1048576K
}
Event: 7.012 GC heap before
{Heap before GC invocations=5 (full 0):
 garbage-first heap   total 131072K, used 73466K [0x00000000e0000000, 0x0000000100000000)
  region size 1024K, 54 young (55296K), 2 survivors (2048K)
 Metaspace       used 22809K, capacity 23194K, committed 23344K, reserved 1071104K
  class space    used 2267K, capacity 2402K, committed 2432K, reserved 1048576K
}
Event: 7.023 GC heap after
{Heap after GC invocations=6 (full 0):
 garbage-first heap   total 131072K, used 22758K [0x00000000e0000000, 0x0000000100000000)
  region size 1024K, 4 young (4096K), 4 survivors (4096K)
 Metaspace       used 22809K, capacity 23194K, committed 23344K, reserved 1071104K
  class space    used 2267K, capacity 2402K, committed 2432K, reserved 1048576K
}
Event: 9.058 GC heap before
{Heap before GC invocations=6 (full 0):
 garbage-first heap   total 131072K, used 80102K [0x00000000e0000000, 0x0000000100000000)
  region size 1024K, 60 young (61440K), 4 survivors (4096K)
 Metaspace       used 26640K, capacity 27427K, committed 27568K, reserved 1073152K
  class space    used 2779K, capacity 3060K, committed 3072K, reserved 1048576K
}
Event: 9.075 GC heap after
{Heap after GC invocations=7 (full 0):
 garbage-first heap   total 131072K, used 26915K [0x00000000e0000000, 0x0000000100000000)
  region size 1024K, 8 young (8192K), 8 survivors (8192K)
 Metaspace       used 26640K, capacity 27427K, committed 27568K, reserved 1073152K
  class space    used 2779K, capacity 3060K, committed 3072K, reserved 1048576K
}
Event: 12.181 GC heap before
{Heap before GC invocations=7 (full 0):
 garbage-first heap   total 131072K, used 84259K [0x00000000e0000000, 0x0000000100000000)
  region size 1024K, 64 young (65536K), 8 survivors (8192K)
 Metaspace       used 29701K, capacity 30745K, committed 31024K, reserved 1077248K
  class space    used 3201K, capacity 3602K, committed 3712K, reserved 1048576K
}
Event: 12.204 GC heap after
{Heap after GC invocations=8 (full 0):
 garbage-first heap   total 131072K, used 32592K [0x00000000e0000000, 0x0000000100000000)
  region size 1024K, 6 young (6144K), 6 survivors (6144K)
 Metaspace       used 29701K, capacity 30745K, committed 31024K, reserved 1077248K
  class space    used 3201K, capacity 3602K, committed 3712K, reserved 1048576K
}
Event: 13.039 GC heap before
{Heap before GC invocations=8 (full 0):
 garbage-first heap   total 131072K, used 88912K [0x00000000e0000000, 0x0000000100000000)
  region size 1024K, 61 young (62464K), 6 survivors (6144K)
 Metaspace       used 31617K, capacity 32651K, committed 32688K, reserved 1079296K
  class space    used 3445K, capacity 3832K, committed 3840K, reserved 1048576K
}
Event: 13.061 GC heap after
{Heap after GC invocations=9 (full 0):
 garbage-first heap   total 131072K, used 38050K [0x00000000e0000000, 0x0000000100000000)
  region size 1024K, 6 young (6144K), 6 survivors (6144K)
 Metaspace       used 31617K, capacity 32651K, committed 32688K, reserved 1079296K
  class space    used 3445K, capacity 3832K, committed 3840K, reserved 1048576K
}
Event: 13.710 GC heap before
{Heap before GC invocations=9 (full 0):
 garbage-first heap   total 131072K, used 58530K [0x00000000e0000000, 0x0000000100000000)
  region size 1024K, 27 young (27648K), 6 survivors (6144K)
 Metaspace       used 34544K, capacity 35543K, committed 35632K, reserved 1081344K
  class space    used 3744K, capacity 4175K, committed 4224K, reserved 1048576K
}
Event: 13.727 GC heap after
{Heap after GC invocations=10 (full 0):
 garbage-first heap   total 131072K, used 40742K [0x00000000e0000000, 0x0000000100000000)
  region size 1024K, 3 young (3072K), 3 survivors (3072K)
 Metaspace       used 34544K, capacity 35543K, committed 35632K, reserved 1081344K
  class space    used 3744K, capacity 4175K, committed 4224K, reserved 1048576K
}
Event: 14.989 GC heap before
{Heap before GC invocations=11 (full 0):
 garbage-first heap   total 131072K, used 97062K [0x00000000e0000000, 0x0000000100000000)
  region size 1024K, 58 young (59392K), 3 survivors (3072K)
 Metaspace       used 37065K, capacity 38171K, committed 38320K, reserved 1083392K
  class space    used 4074K, capacity 4496K, committed 4608K, reserved 1048576K
}
Event: 15.003 GC heap after
{Heap after GC invocations=12 (full 0):
 garbage-first heap   total 131072K, used 44849K [0x00000000e0000000, 0x0000000100000000)
  region size 1024K, 7 young (7168K), 7 survivors (7168K)
 Metaspace       used 37065K, capacity 38171K, committed 38320K, reserved 1083392K
  class space    used 4074K, capacity 4496K, committed 4608K, reserved 1048576K
}
Event: 16.825 GC heap before
{Heap before GC invocations=12 (full 0):
 garbage-first heap   total 131072K, used 99121K [0x00000000e0000000, 0x0000000100000000)
  region size 1024K, 60 young (61440K), 7 survivors (7168K)
 Metaspace       used 39241K, capacity 40414K, committed 40624K, reserved 1085440K
  class space    used 4370K, capacity 4843K, committed 4864K, reserved 1048576K
}
Event: 16.844 GC heap after
{Heap after GC invocations=13 (full 0):
 garbage-first heap   total 131072K, used 48799K [0x00000000e0000000, 0x0000000100000000)
  region size 1024K, 4 young (4096K), 4 survivors (4096K)
 Metaspace       used 39241K, capacity 40414K, committed 40624K, reserved 1085440K
  class space    used 4370K, capacity 4843K, committed 4864K, reserved 1048576K
}
Event: 20.725 GC heap before
{Heap before GC invocations=13 (full 0):
 garbage-first heap   total 131072K, used 107167K [0x00000000e0000000, 0x0000000100000000)
  region size 1024K, 56 young (57344K), 4 survivors (4096K)
 Metaspace       used 41298K, capacity 42529K, committed 42800K, reserved 1087488K
  class space    used 4656K, capacity 5143K, committed 5248K, reserved 1048576K
}
Event: 20.739 GC heap after
{Heap after GC invocations=14 (full 0):
 garbage-first heap   total 131072K, used 58100K [0x00000000e0000000, 0x0000000100000000)
  region size 1024K, 5 young (5120K), 5 survivors (5120K)
 Metaspace       used 41298K, capacity 42529K, committed 42800K, reserved 1087488K
  class space    used 4656K, capacity 5143K, committed 5248K, reserved 1048576K
}

Deoptimization events (20 events):
Event: 19.283 Thread 0x000001bab6eb4800 DEOPT PACKING pc=0x000001baa9b6ef0c sp=0x000000256dbfe840
Event: 19.283 Thread 0x000001bab6eb4800 DEOPT UNPACKING pc=0x000001baa203a1af sp=0x000000256dbfe838 mode 2
Event: 19.471 Thread 0x000001bab6eb4800 DEOPT PACKING pc=0x000001baa2cb6e9c sp=0x000000256dbf9dc0
Event: 19.471 Thread 0x000001bab6eb4800 DEOPT UNPACKING pc=0x000001baa203a95e sp=0x000000256dbf9360 mode 0
Event: 20.269 Thread 0x000001ba980cc800 Uncommon trap: trap_request=0xffffffde fr.pc=0x000001baa9bd2c68 relative=0x00000000000007e8
Event: 20.269 Thread 0x000001ba980cc800 Uncommon trap: reason=class_check action=maybe_recompile pc=0x000001baa9bd2c68 method=java.util.HashMap.putVal(ILjava/lang/Object;Ljava/lang/Object;ZZ)Ljava/lang/Object; @ 253 c2
Event: 20.269 Thread 0x000001ba980cc800 DEOPT PACKING pc=0x000001baa9bd2c68 sp=0x000000256b9f9180
Event: 20.269 Thread 0x000001ba980cc800 DEOPT UNPACKING pc=0x000001baa203a1af sp=0x000000256b9f9120 mode 2
Event: 20.472 Thread 0x000001bab6eb3800 Uncommon trap: trap_request=0xffffffde fr.pc=0x000001baa9b6ef0c relative=0x000000000000024c
Event: 20.472 Thread 0x000001bab6eb3800 Uncommon trap: reason=class_check action=maybe_recompile pc=0x000001baa9b6ef0c method=java.nio.DirectByteBuffer.<init>(Lsun/nio/ch/DirectBuffer;IIIII)V @ 12 c2
Event: 20.472 Thread 0x000001bab6eb3800 DEOPT PACKING pc=0x000001baa9b6ef0c sp=0x000000256dafdde0
Event: 20.472 Thread 0x000001bab6eb3800 DEOPT UNPACKING pc=0x000001baa203a1af sp=0x000000256dafddd8 mode 2
Event: 20.765 Thread 0x000001ba980cc800 Uncommon trap: trap_request=0xffffff4d fr.pc=0x000001baa9d4a7e0 relative=0x0000000000000f20
Event: 20.766 Thread 0x000001ba980cc800 Uncommon trap: reason=unstable_if action=reinterpret pc=0x000001baa9d4a7e0 method=java.util.ArrayList.batchRemove(Ljava/util/Collection;ZII)Z @ 76 c2
Event: 20.766 Thread 0x000001ba980cc800 DEOPT PACKING pc=0x000001baa9d4a7e0 sp=0x000000256b9f3d70
Event: 20.766 Thread 0x000001ba980cc800 DEOPT UNPACKING pc=0x000001baa203a1af sp=0x000000256b9f3c48 mode 2
Event: 20.857 Thread 0x000001bab6eb4800 Uncommon trap: trap_request=0xffffff4d fr.pc=0x000001baa9b1f554 relative=0x0000000000000234
Event: 20.857 Thread 0x000001bab6eb4800 Uncommon trap: reason=unstable_if action=reinterpret pc=0x000001baa9b1f554 method=java.io.ByteArrayInputStream.read()I @ 8 c2
Event: 20.857 Thread 0x000001bab6eb4800 DEOPT PACKING pc=0x000001baa9b1f554 sp=0x000000256dbfe9c0
Event: 20.857 Thread 0x000001bab6eb4800 DEOPT UNPACKING pc=0x000001baa203a1af sp=0x000000256dbfe978 mode 2

Classes redefined (0 events):
No events

Internal exceptions (20 events):
Event: 12.070 Thread 0x000001ba980cc800 Exception <a 'java/lang/ClassNotFoundException'{0x00000000e4d19320}: sun/util/logging/resources/spi/loggingProvider> (0x00000000e4d19320) thrown at [s\src\hotspot\share\classfile\systemDictionary.cpp, line 230]
Event: 12.571 Thread 0x000001ba980cc800 Exception <a 'java/lang/NoClassDefFoundError'{0x00000000e698a088}> (0x00000000e698a088) thrown at [s\src\hotspot\share\oops\instanceKlass.cpp, line 1029]
Event: 12.585 Thread 0x000001ba980cc800 Exception <a 'java/lang/NoClassDefFoundError'{0x00000000e69f2a68}: org/apache/logging/log4j/spi/ExtendedLoggerWrapper> (0x00000000e69f2a68) thrown at [s\src\hotspot\share\classfile\systemDictionary.cpp, line 219]
Event: 12.592 Thread 0x000001ba980cc800 Exception <a 'java/lang/NoClassDefFoundError'{0x00000000e6838610}: org/apache/log4j/Priority> (0x00000000e6838610) thrown at [s\src\hotspot\share\classfile\systemDictionary.cpp, line 219]
Event: 13.028 Thread 0x000001bab84eb800 Implicit null exception at 0x000001baa9c1fe4c to 0x000001baa9c20a6c
Event: 13.286 Thread 0x000001ba980cc800 Exception <a 'sun/nio/fs/WindowsException'{0x00000000e777d208}> (0x00000000e777d208) thrown at [s\src\hotspot\share\prims\jni.cpp, line 617]
Event: 13.310 Thread 0x000001ba980cc800 Exception <a 'java/lang/NoSuchMethodError'{0x00000000e77a9a80}: 'int java.lang.invoke.DirectMethodHandle$Holder.invokeStaticInit(java.lang.Object, java.lang.Object, java.lang.Object, java.lang.Object)'> (0x00000000e77a9a80) thrown at [s\src\hotspot\share\interpreter\linkResolver.cpp, line 773]
Event: 13.311 Thread 0x000001ba980cc800 Exception <a 'java/lang/IncompatibleClassChangeError'{0x00000000e77b2f40}: Found class java.lang.Object, but interface was expected> (0x00000000e77b2f40) thrown at [s\src\hotspot\share\interpreter\linkResolver.cpp, line 839]
Event: 14.484 Thread 0x000001ba980cc800 Exception <a 'java/lang/IncompatibleClassChangeError'{0x00000000e5126340}: Found class java.lang.Object, but interface was expected> (0x00000000e5126340) thrown at [s\src\hotspot\share\interpreter\linkResolver.cpp, line 839]
Event: 14.764 Thread 0x000001bab6eb0800 Exception <a 'java/net/ConnectException'{0x00000000e4bb49d8}: Connection refused: connect> (0x00000000e4bb49d8) thrown at [s\src\hotspot\share\prims\jni.cpp, line 638]
Event: 14.790 Thread 0x000001bab6eb0800 Exception <a 'java/net/ConnectException'{0x00000000e4bb61f8}: Connection refused: connect> (0x00000000e4bb61f8) thrown at [s\src\hotspot\share\prims\jni.cpp, line 638]
Event: 14.825 Thread 0x000001bab6eb0800 Exception <a 'java/net/ConnectException'{0x00000000e4bb7178}: Connection refused: connect> (0x00000000e4bb7178) thrown at [s\src\hotspot\share\prims\jni.cpp, line 638]
Event: 15.022 Thread 0x000001ba980cc800 Exception <a 'java/lang/NoSuchMethodError'{0x00000000e7f72930}: 'java.lang.Object java.lang.invoke.Invokers$Holder.linkToTargetMethod(java.lang.Object, int, int, java.lang.Object)'> (0x00000000e7f72930) thrown at [s\src\hotspot\share\interpreter\linkResolver.cpp, line 773]
Event: 15.025 Thread 0x000001ba980cc800 Exception <a 'java/lang/NoSuchMethodError'{0x00000000e7f7eaa0}: 'void java.lang.invoke.DirectMethodHandle$Holder.invokeStatic(java.lang.Object, java.lang.Object, int)'> (0x00000000e7f7eaa0) thrown at [s\src\hotspot\share\interpreter\linkResolver.cpp, line 773]
Event: 15.241 Thread 0x000001ba980cc800 Exception <a 'java/lang/NoSuchMethodError'{0x00000000e745adf0}: 'int java.lang.invoke.DirectMethodHandle$Holder.invokeSpecialIFC(java.lang.Object, java.lang.Object, java.lang.Object)'> (0x00000000e745adf0) thrown at [s\src\hotspot\share\interpreter\linkResolver.cpp, line 773]
Event: 20.249 Thread 0x000001ba980cc800 Exception <a 'java/lang/NoSuchMethodError'{0x00000000e5e81918}: 'java.lang.Object java.lang.invoke.DirectMethodHandle$Holder.invokeSpecialIFC(java.lang.Object, java.lang.Object, java.lang.Object)'> (0x00000000e5e81918) thrown at [s\src\hotspot\share\interpreter\linkResolver.cpp, line 773]
Event: 20.885 Thread 0x000001ba980cc800 Exception <a 'java/lang/IncompatibleClassChangeError'{0x00000000e7957018}: Found class java.lang.Object, but interface was expected> (0x00000000e7957018) thrown at [s\src\hotspot\share\interpreter\linkResolver.cpp, line 839]
Event: 20.886 Thread 0x000001ba980cc800 Exception <a 'java/lang/IncompatibleClassChangeError'{0x00000000e795a7f8}: Found class java.lang.Object, but interface was expected> (0x00000000e795a7f8) thrown at [s\src\hotspot\share\interpreter\linkResolver.cpp, line 839]
Event: 20.888 Thread 0x000001ba980cc800 Exception <a 'java/lang/IncompatibleClassChangeError'{0x00000000e79603e0}: Found class java.lang.Object, but interface was expected> (0x00000000e79603e0) thrown at [s\src\hotspot\share\interpreter\linkResolver.cpp, line 839]
Event: 20.889 Thread 0x000001ba980cc800 Exception <a 'java/lang/IncompatibleClassChangeError'{0x00000000e7963b48}: Found class java.lang.Object, but interface was expected> (0x00000000e7963b48) thrown at [s\src\hotspot\share\interpreter\linkResolver.cpp, line 839]

Events (20 events):
Event: 20.886 loading class io/qameta/allure/model/StepResult done
Event: 20.887 loading class io/qameta/allure/model/StepResult
Event: 20.887 loading class io/qameta/allure/model/StepResult done
Event: 20.889 loading class io/qameta/allure/model/StepResult
Event: 20.889 loading class io/qameta/allure/model/StepResult done
Event: 20.889 loading class com/codeborne/selenide/impl/DeadThreadsWatchdog
Event: 20.889 loading class com/codeborne/selenide/impl/DeadThreadsWatchdog done
Event: 20.892 Thread 0x000001bab6eb2800 Thread added: 0x000001bab6eb2800
Event: 20.892 loading class com/codeborne/selenide/drivercommands/BasicAuthUtils
Event: 20.892 loading class com/codeborne/selenide/drivercommands/BasicAuthUtils done
Event: 20.892 loading class java/util/concurrent/ConcurrentLinkedQueue$Itr
Event: 20.893 loading class java/util/concurrent/ConcurrentLinkedQueue$Itr done
Event: 20.894 Executing VM operation: RevokeBias
Event: 20.894 Executing VM operation: RevokeBias done
Event: 20.895 loading class org/openqa/selenium/remote/RemoteWebDriver$RemoteNavigation
Event: 20.895 loading class org/openqa/selenium/remote/RemoteWebDriver$RemoteNavigation done
Event: 20.903 Executing VM operation: RevokeBias
Event: 20.905 Executing VM operation: RevokeBias done
Event: 20.906 Executing VM operation: RevokeBias
Event: 20.908 Executing VM operation: RevokeBias done


Dynamic libraries:
0x00007ff67a9a0000 - 0x00007ff67a9ae000 	C:\Program Files\Eclipse Adoptium\jdk-11.0.19.7-hotspot\bin\java.exe
0x00007ffea2250000 - 0x00007ffea2448000 	C:\WINDOWS\SYSTEM32\ntdll.dll
0x00007ffe7ab00000 - 0x00007ffe7ab19000 	C:\Program Files\AVAST Software\Avast\aswhook.dll
0x00007ffea1d50000 - 0x00007ffea1e0d000 	C:\WINDOWS\System32\KERNEL32.DLL
0x00007ffe9fc60000 - 0x00007ffe9ff56000 	C:\WINDOWS\System32\KERNELBASE.dll
0x00007ffea00d0000 - 0x00007ffea01d0000 	C:\WINDOWS\System32\ucrtbase.dll
0x00007ffe9b380000 - 0x00007ffe9b398000 	C:\Program Files\Eclipse Adoptium\jdk-11.0.19.7-hotspot\bin\jli.dll
0x00007ffe9b2c0000 - 0x00007ffe9b2d9000 	C:\Program Files\Eclipse Adoptium\jdk-11.0.19.7-hotspot\bin\VCRUNTIME140.dll
0x00007ffea1710000 - 0x00007ffea18ae000 	C:\WINDOWS\System32\USER32.dll
0x00007ffe9ff90000 - 0x00007ffe9ffb2000 	C:\WINDOWS\System32\win32u.dll
0x00007ffe85290000 - 0x00007ffe8552a000 	C:\WINDOWS\WinSxS\amd64_microsoft.windows.common-controls_6595b64144ccf1df_6.0.19041.1110_none_60b5254171f9507e\COMCTL32.dll
0x00007ffea0d80000 - 0x00007ffea0dac000 	C:\WINDOWS\System32\GDI32.dll
0x00007ffea1370000 - 0x00007ffea140e000 	C:\WINDOWS\System32\msvcrt.dll
0x00007ffe9fb40000 - 0x00007ffe9fc5a000 	C:\WINDOWS\System32\gdi32full.dll
0x00007ffe9ffc0000 - 0x00007ffea005d000 	C:\WINDOWS\System32\msvcp_win.dll
0x00007ffea1d20000 - 0x00007ffea1d50000 	C:\WINDOWS\System32\IMM32.DLL
0x00007ffe9d0a0000 - 0x00007ffe9d0ac000 	C:\Program Files\Eclipse Adoptium\jdk-11.0.19.7-hotspot\bin\vcruntime140_1.dll
0x00007ffe91320000 - 0x00007ffe913b1000 	C:\Program Files\Eclipse Adoptium\jdk-11.0.19.7-hotspot\bin\msvcp140.dll
0x00007ffe6ee80000 - 0x00007ffe6fa3c000 	C:\Program Files\Eclipse Adoptium\jdk-11.0.19.7-hotspot\bin\server\jvm.dll
0x00007ffea0c00000 - 0x00007ffea0cae000 	C:\WINDOWS\System32\ADVAPI32.dll
0x00007ffea0b40000 - 0x00007ffea0bdc000 	C:\WINDOWS\System32\sechost.dll
0x00007ffea2080000 - 0x00007ffea21a6000 	C:\WINDOWS\System32\RPCRT4.dll
0x00007ffea0b30000 - 0x00007ffea0b38000 	C:\WINDOWS\System32\PSAPI.DLL
0x00007ffe8eed0000 - 0x00007ffe8eed9000 	C:\WINDOWS\SYSTEM32\WSOCK32.dll
0x00007ffe97280000 - 0x00007ffe9728a000 	C:\WINDOWS\SYSTEM32\VERSION.dll
0x00007ffe97250000 - 0x00007ffe97277000 	C:\WINDOWS\SYSTEM32\WINMM.dll
0x00007ffea0d10000 - 0x00007ffea0d7b000 	C:\WINDOWS\System32\WS2_32.dll
0x00007ffe9d780000 - 0x00007ffe9d792000 	C:\WINDOWS\SYSTEM32\kernel.appcore.dll
0x00007ffe9d010000 - 0x00007ffe9d020000 	C:\Program Files\Eclipse Adoptium\jdk-11.0.19.7-hotspot\bin\verify.dll
0x00007ffe94170000 - 0x00007ffe94354000 	C:\WINDOWS\SYSTEM32\DBGHELP.DLL
0x00007ffe94130000 - 0x00007ffe94164000 	C:\WINDOWS\SYSTEM32\dbgcore.DLL
0x00007ffea0220000 - 0x00007ffea02a2000 	C:\WINDOWS\System32\bcryptPrimitives.dll
0x00007ffe98750000 - 0x00007ffe98778000 	C:\Program Files\Eclipse Adoptium\jdk-11.0.19.7-hotspot\bin\java.dll
0x00007ffe9b370000 - 0x00007ffe9b37a000 	C:\Program Files\Eclipse Adoptium\jdk-11.0.19.7-hotspot\bin\jimage.dll
0x00007ffe9b280000 - 0x00007ffe9b28e000 	C:\Program Files\Eclipse Adoptium\jdk-11.0.19.7-hotspot\bin\instrument.dll
0x00007ffe98730000 - 0x00007ffe98748000 	C:\Program Files\Eclipse Adoptium\jdk-11.0.19.7-hotspot\bin\zip.dll
0x00007ffea02b0000 - 0x00007ffea09f5000 	C:\WINDOWS\System32\SHELL32.dll
0x00007ffe9d980000 - 0x00007ffe9e11b000 	C:\WINDOWS\SYSTEM32\windows.storage.dll
0x00007ffea0f30000 - 0x00007ffea1284000 	C:\WINDOWS\System32\combase.dll
0x00007ffe9f290000 - 0x00007ffe9f2be000 	C:\WINDOWS\SYSTEM32\Wldp.dll
0x00007ffea0db0000 - 0x00007ffea0e5d000 	C:\WINDOWS\System32\SHCORE.dll
0x00007ffea0e60000 - 0x00007ffea0eb5000 	C:\WINDOWS\System32\shlwapi.dll
0x00007ffe9f860000 - 0x00007ffe9f885000 	C:\WINDOWS\SYSTEM32\profapi.dll
0x00007ffe98710000 - 0x00007ffe98729000 	C:\Program Files\Eclipse Adoptium\jdk-11.0.19.7-hotspot\bin\net.dll
0x00007ffe94360000 - 0x00007ffe9446a000 	C:\WINDOWS\SYSTEM32\WINHTTP.dll
0x00007ffe9f070000 - 0x00007ffe9f0da000 	C:\WINDOWS\system32\mswsock.dll
0x00007ffe98690000 - 0x00007ffe986a3000 	C:\Program Files\Eclipse Adoptium\jdk-11.0.19.7-hotspot\bin\nio.dll
0x00007ffe9f5d0000 - 0x00007ffe9f5e8000 	C:\WINDOWS\SYSTEM32\CRYPTSP.dll
0x00007ffe9e930000 - 0x00007ffe9e964000 	C:\WINDOWS\system32\rsaenh.dll
0x00007ffe9ff60000 - 0x00007ffe9ff87000 	C:\WINDOWS\System32\bcrypt.dll
0x00007ffe9f820000 - 0x00007ffe9f84e000 	C:\WINDOWS\SYSTEM32\USERENV.dll
0x00007ffe9f200000 - 0x00007ffe9f20c000 	C:\WINDOWS\SYSTEM32\CRYPTBASE.dll
0x00007ffe9ed30000 - 0x00007ffe9ed6b000 	C:\WINDOWS\SYSTEM32\IPHLPAPI.DLL
0x00007ffea0f20000 - 0x00007ffea0f28000 	C:\WINDOWS\System32\NSI.dll
0x00007ffe95700000 - 0x00007ffe95717000 	C:\WINDOWS\SYSTEM32\dhcpcsvc6.DLL
0x00007ffe956e0000 - 0x00007ffe956fd000 	C:\WINDOWS\SYSTEM32\dhcpcsvc.DLL
0x00007ffe9ed70000 - 0x00007ffe9ee3a000 	C:\WINDOWS\SYSTEM32\DNSAPI.dll
0x00007ffe86c50000 - 0x00007ffe86c67000 	C:\WINDOWS\system32\napinsp.dll
0x00007ffe86c30000 - 0x00007ffe86c4b000 	C:\WINDOWS\system32\pnrpnsp.dll
0x00007ffe89980000 - 0x00007ffe89995000 	C:\WINDOWS\system32\wshbth.dll
0x00007ffe9b1c0000 - 0x00007ffe9b1dd000 	C:\WINDOWS\system32\NLAapi.dll
0x00007ffe86c10000 - 0x00007ffe86c22000 	C:\WINDOWS\System32\winrnr.dll
0x00007ffe93af0000 - 0x00007ffe93afa000 	C:\Windows\System32\rasadhlp.dll
0x00007ffe93b80000 - 0x00007ffe93c02000 	C:\WINDOWS\System32\fwpuclnt.dll
0x00007ffe99bc0000 - 0x00007ffe99bc9000 	C:\Program Files\Eclipse Adoptium\jdk-11.0.19.7-hotspot\bin\management.dll
0x00007ffe98f40000 - 0x00007ffe98f4b000 	C:\Program Files\Eclipse Adoptium\jdk-11.0.19.7-hotspot\bin\management_ext.dll
0x00007ffe9d0c0000 - 0x00007ffe9d151000 	C:\WINDOWS\system32\apphelp.dll
0x00007ffe98eb0000 - 0x00007ffe98ebe000 	C:\Program Files\Eclipse Adoptium\jdk-11.0.19.7-hotspot\bin\sunmscapi.dll
0x00007ffe9f9e0000 - 0x00007ffe9fb3e000 	C:\WINDOWS\System32\CRYPT32.dll
0x00007ffe9f300000 - 0x00007ffe9f328000 	C:\WINDOWS\SYSTEM32\ncrypt.dll
0x00007ffe9f2c0000 - 0x00007ffe9f2fb000 	C:\WINDOWS\SYSTEM32\NTASN1.dll
0x00007ffe912f0000 - 0x00007ffe91317000 	C:\Program Files\Eclipse Adoptium\jdk-11.0.19.7-hotspot\bin\sunec.dll

dbghelp: loaded successfully - version: 4.0.5 - missing functions: none
symbol engine: initialized successfully - sym options: 0x614 - pdb path: .;C:\Program Files\Eclipse Adoptium\jdk-11.0.19.7-hotspot\bin;C:\WINDOWS\SYSTEM32;C:\Program Files\AVAST Software\Avast;C:\WINDOWS\WinSxS\amd64_microsoft.windows.common-controls_6595b64144ccf1df_6.0.19041.1110_none_60b5254171f9507e;C:\Program Files\Eclipse Adoptium\jdk-11.0.19.7-hotspot\bin\server

VM Arguments:
jvm_args: -Dallure.results.directory=C:\Users\Ruslan\Desktop\Automation\QA-diploma\build\allure-results -Ddb.password=pass -Ddb.url=jdbc:mysql://localhost:3306/app -Ddb.user=app -Djunit.jupiter.extensions.autodetection.enabled=true -Dorg.gradle.internal.worker.tmpdir=C:\Users\Ruslan\Desktop\Automation\QA-diploma\build\tmp\test\work -Dorg.gradle.native=false -Dselenide.headless -Dsut.url=http://localhost:8080 -javaagent:C:\Users\Ruslan\.gradle\caches\modules-2\files-2.1\org.aspectj\aspectjweaver\1.9.9.1\dcd2703279a94ad909fa3f3d08671cb0f2dabf7\aspectjweaver-1.9.9.1.jar -Xmx512m -Dfile.encoding=windows-1251 -Duser.country=RU -Duser.language=ru -Duser.variant -ea 
java_command: worker.org.gradle.process.internal.worker.GradleWorkerMain 'Gradle Test Executor 3'
java_class_path (initial): C:\\Users\\Ruslan\\.gradle\\caches\\7.5.1\\workerMain\\gradle-worker.jar;C:\\Users\\Ruslan\\Desktop\\Automation\\QA-diploma\\build\\classes\\java\\test;C:\\Users\\Ruslan\\.gradle\\caches\\modules-2\\files-2.1\\org.postgresql\\postgresql\\42.6.0\\7614cfce466145b84972781ab0079b8dea49e363\\postgresql-42.6.0.jar;C:\\Users\\Ruslan\\.gradle\\caches\\modules-2\\files-2.1\\org.junit.jupiter\\junit-jupiter-params\\5.10.0\\9041c7365495a897a64782ea5a6fdb99dab1814e\\junit-jupiter-params-5.10.0.jar;C:\\Users\\Ruslan\\.gradle\\caches\\modules-2\\files-2.1\\org.junit.jupiter\\junit-jupiter-engine\\5.10.0\\90587932d718fc51a48112d33045a18476c542ad\\junit-jupiter-engine-5.10.0.jar;C:\\Users\\Ruslan\\.gradle\\caches\\modules-2\\files-2.1\\io.qameta.allure\\allure-junit5\\2.20.1\\4dd0476b2b3faf26719200407a2ecfd0cd3b4de9\\allure-junit5-2.20.1.jar;C:\\Users\\Ruslan\\.gradle\\caches\\modules-2\\files-2.1\\io.qameta.allure\\allure-junit-platform\\2.20.1\\eed7d32afe119e7897123e4183921e311dae509f\\allure-junit-platform-2.20.1.jar;C:\\Users\\Ruslan\\.gradle\\caches\\modules-2\\files-2.1\\org.junit.jupiter\\junit-jupiter-api\\5.10.0\\2fe4ba3d31d5067878e468c96aa039005a9134d3\\junit-jupiter-api-5.10.0.jar;C:\\Users\\Ruslan\\.gradle\\caches\\modules-2\\files-2.1\\org.junit.platform\\junit-platform-launcher\\1.10.0\\89a1922534ed102be1fb2a8c0b2c6151297a12bf\\junit-platform-launcher-1.10.0.jar;C:\\Users\\Ruslan\\.gradle\\caches\\modules-2\\files-2.1\\org.junit.platform\\junit-platform-engine\\1.10.0\\276c4edcf64fabb5a139fa7b4f99330d7a93b804\\junit-platform-engine-1.10.0.jar;C:\\Users\\Ruslan\\.gradle\\caches\\modules-2\\files-2.1\\org.junit.platform\\junit-platform-commons\\1.10.0\\d533ff2c286eaf963566f92baf5f8a06628d2609\\junit-platform-commons-1.10.0.jar;C:\\Users\\Ruslan\\.gradle\\caches\\modules-2\\files-2.1\\org.junit.jupiter\\junit-jupiter\\5.10.0\\8fea1d9c58b2156f1b998f2f18da04bc9e087f74\\junit-jupiter-5.10.0.jar;C:\\Users\\Ruslan\\.gradle\\caches\\modules-2\\file
Launcher Type: SUN_STANDARD

[Global flags]
     intx CICompilerCount                          = 3                                         {product} {ergonomic}
     uint ConcGCThreads                            = 1                                         {product} {ergonomic}
     uint G1ConcRefinementThreads                  = 4                                         {product} {ergonomic}
   size_t G1HeapRegionSize                         = 1048576                                   {product} {ergonomic}
    uintx GCDrainStackTargetSize                   = 64                                        {product} {ergonomic}
   size_t InitialHeapSize                          = 134217728                                 {product} {ergonomic}
   size_t MarkStackSize                            = 4194304                                   {product} {ergonomic}
   size_t MaxHeapSize                              = 536870912                                 {product} {command line}
   size_t MaxNewSize                               = 321912832                                 {product} {ergonomic}
   size_t MinHeapDeltaBytes                        = 1048576                                   {product} {ergonomic}
    uintx NonNMethodCodeHeapSize                   = 5830732                                {pd product} {ergonomic}
    uintx NonProfiledCodeHeapSize                  = 122913754                              {pd product} {ergonomic}
    uintx ProfiledCodeHeapSize                     = 122913754                              {pd product} {ergonomic}
    uintx ReservedCodeCacheSize                    = 251658240                              {pd product} {ergonomic}
     bool SegmentedCodeCache                       = true                                      {product} {ergonomic}
     bool UseCompressedClassPointers               = true                                 {lp64_product} {ergonomic}
     bool UseCompressedOops                        = true                                 {lp64_product} {ergonomic}
     bool UseG1GC                                  = true                                      {product} {ergonomic}
     bool UseLargePagesIndividualAllocation        = false                                  {pd product} {ergonomic}

Logging:
Log output configuration:
 #0: stdout all=warning uptime,level,tags
 #1: stderr all=off uptime,level,tags

Environment Variables:
CLASSPATH=C:\Users\Ruslan\Desktop\Automation\QA-diploma\\gradle\wrapper\gradle-wrapper.jar
PATH=C:\Program Files\Eclipse Adoptium\jdk-11.0.19.7-hotspot\bin;C:\Program Files (x86)\VMware\VMware Player\bin\;C:\Program Files (x86)\Common Files\Oracle\Java\javapath;C:\WINDOWS\system32;C:\WINDOWS;C:\WINDOWS\System32\Wbem;C:\WINDOWS\System32\WindowsPowerShell\v1.0\;C:\WINDOWS\System32\OpenSSH\;C:\Program Files (x86)\ATI Technologies\ATI.ACE\Core-Static;C:\Program Files (x86)\AMD\ATI.ACE\Core-Static;C:\Program Files\Java\jdk-10.0.1\bin;C:\Program Files\Git\cmd;C:\Program Files\Docker\Docker\resources\bin;C:\webdrivers;C:\Users\Ruslan\AppData\Roaming\nvm;C:\Program Files\nodejs;C:\Users\Ruslan\AppData\Local\Programs\Python\Python39\Scripts\;C:\Users\Ruslan\AppData\Local\Programs\Python\Python39\;C:\Users\Ruslan\AppData\Local\Microsoft\WindowsApps;C:\Users\Ruslan\AppData\Local\Programs\Microsoft VS Code\bin;C:\Program Files\JetBrains\IntelliJ IDEA Community Edition 2022.3.3\bin;;C:\Users\Ruslan\AppData\Local\GitHubDesktop\bin;C:\Users\Ruslan\AppData\Roaming\nvm;C:\Program Files\nodejs
USERNAME=Ruslan
OS=Windows_NT
PROCESSOR_IDENTIFIER=Intel64 Family 6 Model 42 Stepping 7, GenuineIntel
TMP=C:\Users\Ruslan\AppData\Local\Temp
TEMP=C:\Users\Ruslan\AppData\Local\Temp



---------------  S Y S T E M  ---------------

OS: Windows 10 , 64 bit Build 19041 (10.0.19041.3393)
OS uptime: 0 days 1:14 hours
Hyper-V role detected

CPU:total 4 (initial active 4) (2 cores per cpu, 2 threads per core) family 6 model 42 stepping 7 microcode 0x2f, cmov, cx8, fxsr, mmx, sse, sse2, sse3, ssse3, sse4.1, sse4.2, popcnt, avx, clmul, ht, tsc, tscinvbit

Memory: 4k page, system-wide physical 8135M (1526M free)
TotalPageFile size 9159M (AvailPageFile size 1M)
current process WorkingSet (physical memory assigned to process): 289M, peak: 295M
current process commit charge ("private bytes"): 318M, peak: 326M

vm_info: OpenJDK 64-Bit Server VM (11.0.19+7) for windows-amd64 JRE (11.0.19+7), built on Apr 18 2023 23:12:18 by "" with MS VC++ 16.7 (VS2019)

END.
